#
# A fatal error has been detected by the Java Runtime Environment:
#
#  EXCEPTION_ACCESS_VIOLATION (0xc0000005) at pc=0x00007ffe3b641510, pid=27568, tid=18884
#
# JRE version: OpenJDK Runtime Environment (11.0.13) (build 11.0.13+0-b1751.21-8125866)
# Java VM: OpenJDK 64-Bit Server VM (11.0.13+0-b1751.21-8125866, mixed mode, tiered, compressed oops, g1 gc, windows-amd64)
# Problematic frame:
# C  [native-platform-file-events.dll+0xf1510]
#
# No core dump will be written. Minidumps are not enabled by default on client versions of Windows
#
# If you would like to submit a bug report, please visit:
#   https://bugreport.java.com/bugreport/crash.jsp
# The crash happened outside the Java Virtual Machine in native code.
# See problematic frame for where to report the bug.
#

---------------  S U M M A R Y ------------

Command Line: --add-opens=java.base/java.util=ALL-UNNAMED --add-opens=java.base/java.lang=ALL-UNNAMED --add-opens=java.base/java.lang.invoke=ALL-UNNAMED --add-opens=java.base/java.util=ALL-UNNAMED --add-opens=java.prefs/java.util.prefs=ALL-UNNAMED --add-opens=java.prefs/java.util.prefs=ALL-UNNAMED --add-opens=java.base/java.nio.charset=ALL-UNNAMED --add-opens=java.base/java.net=ALL-UNNAMED --add-opens=java.base/java.util.concurrent.atomic=ALL-UNNAMED -Xmx2048m -Dfile.encoding=UTF-8 -Duser.country=MX -Duser.language=es -Duser.variant org.gradle.launcher.daemon.bootstrap.GradleDaemon 7.3.3

Host: 11th Gen Intel(R) Core(TM) i3-1115G4 @ 3.00GHz, 4 cores, 15G,  Windows 11 , 64 bit Build 22000 (10.0.22000.708)
Time: Wed Oct 26 11:44:33 2022 Hora de verano del Este elapsed time: 590.666737 seconds (0d 0h 9m 50s)

---------------  T H R E A D  ---------------

Current thread (0x0000024229aca800):  JavaThread "File watcher server" daemon [_thread_in_native, id=18884, stack(0x000000a373d00000,0x000000a373e00000)]

Stack: [0x000000a373d00000,0x000000a373e00000],  sp=0x000000a373dfe7b8,  free space=1017k
Native frames: (J=compiled Java code, j=interpreted, Vv=VM code, C=native code)
C  [native-platform-file-events.dll+0xf1510]

Java frames: (J=compiled Java code, j=interpreted, Vv=VM code)
j  net.rubygrapefruit.platform.internal.jni.AbstractFileEventFunctions$NativeFileWatcher.executeRunLoop0(Ljava/lang/Object;)V+0
j  net.rubygrapefruit.platform.internal.jni.AbstractFileEventFunctions$NativeFileWatcher.access$100(Lnet/rubygrapefruit/platform/internal/jni/AbstractFileEventFunctions$NativeFileWatcher;Ljava/lang/Object;)V+2
j  net.rubygrapefruit.platform.internal.jni.AbstractFileEventFunctions$NativeFileWatcher$1.run()V+26
v  ~StubRoutines::call_stub

siginfo: EXCEPTION_ACCESS_VIOLATION (0xc0000005), reading address 0xffffffffffffffff


Register to memory mapping:

RIP=0x00007ffe3b641510 native-platform-file-events.dll
RAX=0x8b3774c63b41d88b is an unknown value
RBX=0x0 is NULL
RCX=0x000000a3735f8098 is pointing into the stack for thread: 0x000002422a269800
RDX=0x0 is NULL
RSP=0x000000a373dfe7b8 is pointing into the stack for thread: 0x0000024229aca800
RBP=0x000000a373dff198 is pointing into the stack for thread: 0x0000024229aca800
RSI=0x000000a3735f8090 is pointing into the stack for thread: 0x000002422a269800
RDI=0x000000a3735f8050 is pointing into the stack for thread: 0x000002422a269800
R8 =0x000002420ba27500 points into unknown readable memory: 0x000002420ba20cf0 | f0 0c a2 0b 42 02 00 00
R9 =0x0000000000000001 is an unknown value
R10=0x000002420ba20000 points into unknown readable memory: 0x0000000000000000 | 00 00 00 00 00 00 00 00
R11=0x000000a373dfe470 is pointing into the stack for thread: 0x0000024229aca800
R12=0x0 is NULL
R13={method} {0x000002422d1b2278} 'executeRunLoop0' '(Ljava/lang/Object;)V' in 'net/rubygrapefruit/platform/internal/jni/AbstractFileEventFunctions$NativeFileWatcher'
R14=0x0 is NULL
R15=0x0000024229aca800 is a thread


Registers:
RAX=0x8b3774c63b41d88b, RBX=0x0000000000000000, RCX=0x000000a3735f8098, RDX=0x0000000000000000
RSP=0x000000a373dfe7b8, RBP=0x000000a373dff198, RSI=0x000000a3735f8090, RDI=0x000000a3735f8050
R8 =0x000002420ba27500, R9 =0x0000000000000001, R10=0x000002420ba20000, R11=0x000000a373dfe470
R12=0x0000000000000000, R13=0x000002422d1b2270, R14=0x0000000000000000, R15=0x0000024229aca800
RIP=0x00007ffe3b641510, EFLAGS=0x0000000000010287

Top of Stack: (sp=0x000000a373dfe7b8)
0x000000a373dfe7b8:   00007ffe3b596049 000002422a4f46f0
0x000000a373dfe7c8:   00007ffe8a2676e1 000002422a4f46e0
0x000000a373dfe7d8:   00007ffe3b5720d3 0000024231a139f8
0x000000a373dfe7e8:   0000000000000000 0000bb371d526ecf
0x000000a373dfe7f8:   00007ffe3b57d473 000000a373dff1c0
0x000000a373dfe808:   000000a3735f8050 00007ffe3b56efc0
0x000000a373dfe818:   00007ffe3b586c6b 000000a3735f8090
0x000000a373dfe828:   000002422a4f46f0 0000000000000000
0x000000a373dfe838:   00007ffe3b57b60e 0000024231a139f0
0x000000a373dfe848:   00007ffe3b5784e6 000000a3735f8090
0x000000a373dfe858:   0000000000000000 0000024231a139f0
0x000000a373dfe868:   00000242117cfc87 0000024227d74be8
0x000000a373dfe878:   00007ffe3b586092 000000a373dfe8c0
0x000000a373dfe888:   000000a3735f8090 0000000000000000
0x000000a373dfe898:   0000000000000280 000000a373dfe801
0x000000a373dfe8a8:   0000000000000000 000000a373dfe910 

Instructions: (pc=0x00007ffe3b641510)
0x00007ffe3b641410:   cc cc cc cc cc cc cc cc cc cc cc cc cc cc cc cc
0x00007ffe3b641420:   cc cc cc cc cc cc cc cc cc cc cc cc cc cc cc cc
0x00007ffe3b641430:   cc cc cc cc cc cc cc cc cc cc cc cc cc cc cc cc
0x00007ffe3b641440:   cc cc cc cc cc cc cc cc cc cc cc cc cc cc cc cc
0x00007ffe3b641450:   cc cc cc cc cc cc cc cc cc cc cc cc cc cc cc cc
0x00007ffe3b641460:   cc cc cc cc cc cc cc cc cc cc cc cc cc cc cc cc
0x00007ffe3b641470:   cc cc cc cc cc cc cc cc cc cc cc cc cc cc cc cc
0x00007ffe3b641480:   cc cc cc cc cc cc cc cc cc cc cc cc cc cc cc cc
0x00007ffe3b641490:   cc cc cc cc cc cc cc cc cc cc cc cc cc cc cc cc
0x00007ffe3b6414a0:   cc cc cc cc cc cc cc cc cc cc cc cc cc cc cc cc
0x00007ffe3b6414b0:   cc cc cc cc cc cc cc cc cc cc cc cc cc cc cc cc
0x00007ffe3b6414c0:   cc cc cc cc cc cc cc cc cc cc cc cc cc cc cc cc
0x00007ffe3b6414d0:   cc cc cc cc cc cc cc cc cc cc cc cc cc cc cc cc
0x00007ffe3b6414e0:   cc cc cc cc cc cc cc cc cc cc cc cc cc cc cc cc
0x00007ffe3b6414f0:   cc cc cc cc cc cc cc cc cc cc cc cc cc cc cc cc
0x00007ffe3b641500:   cc cc cc cc cc cc 66 66 0f 1f 84 00 00 00 00 00
0x00007ffe3b641510:   ff e0 cc cc cc cc cc cc cc cc cc cc cc cc cc cc
0x00007ffe3b641520:   cc cc cc cc cc cc 66 66 0f 1f 84 00 00 00 00 00
0x00007ffe3b641530:   ff 25 ea ea 04 00 cc cc cc cc cc cc cc cc cc cc
0x00007ffe3b641540:   cc cc cc cc cc cc cc cc cc cc cc cc cc cc cc cc
0x00007ffe3b641550:   cc cc cc cc cc cc cc cc cc cc cc cc cc cc cc cc
0x00007ffe3b641560:   cc cc cc cc cc cc cc cc cc cc cc cc cc cc cc cc
0x00007ffe3b641570:   cc cc cc cc cc cc cc cc cc cc cc cc cc cc cc cc
0x00007ffe3b641580:   cc cc cc cc cc cc cc cc cc cc cc cc cc cc cc cc
0x00007ffe3b641590:   cc cc cc cc cc cc cc cc cc cc cc cc cc cc cc cc
0x00007ffe3b6415a0:   cc cc cc cc cc cc cc cc cc cc cc cc cc cc cc cc
0x00007ffe3b6415b0:   cc cc cc cc cc cc cc cc cc cc cc cc cc cc cc cc
0x00007ffe3b6415c0:   cc cc cc cc cc cc cc cc cc cc cc cc cc cc cc cc
0x00007ffe3b6415d0:   cc cc cc cc cc cc cc cc cc cc cc cc cc cc cc cc
0x00007ffe3b6415e0:   cc cc cc cc cc cc cc cc cc cc cc cc cc cc cc cc
0x00007ffe3b6415f0:   cc cc cc cc cc cc cc cc cc cc cc cc cc cc cc cc
0x00007ffe3b641600:   cc cc cc cc cc cc cc cc cc cc cc cc cc cc cc cc 


Stack slot to memory mapping:
stack at sp + 0 slots: 0x00007ffe3b596049 native-platform-file-events.dll
stack at sp + 1 slots: 0x000002422a4f46f0 points into unknown readable memory: 0x4c28b13b0001006b | 6b 00 01 00 3b b1 28 4c
stack at sp + 2 slots: 0x00007ffe8a2676e1 ntdll.dll
stack at sp + 3 slots: 0x000002422a4f46e0 points into unknown readable memory: 0x0000000000000000 | 00 00 00 00 00 00 00 00
stack at sp + 4 slots: 0x00007ffe3b5720d3 native-platform-file-events.dll
stack at sp + 5 slots: 0x0000024231a139f8 points into unknown readable memory: 0x00000242289ecc50 | 50 cc 9e 28 42 02 00 00
stack at sp + 6 slots: 0x0 is NULL
stack at sp + 7 slots: 0x0000bb371d526ecf is an unknown value


---------------  P R O C E S S  ---------------

Threads class SMR info:
_java_thread_list=0x000002423361a750, length=82, elements={
0x000002420dca3800, 0x0000024228147800, 0x0000024228152000, 0x00000242281a8800,
0x00000242281a9800, 0x00000242281ab800, 0x00000242281ae800, 0x00000242281b0800,
0x00000242281bb800, 0x000002422831a000, 0x0000024229723800, 0x0000024229191800,
0x00000242299a9800, 0x0000024229629800, 0x0000024229c58000, 0x00000242294b5800,
0x000002422a269800, 0x000002422a239000, 0x000002422a107000, 0x0000024229ac9800,
0x0000024229acd000, 0x0000024229ac7800, 0x0000024229ace000, 0x0000024229aca800,
0x0000024229acc000, 0x0000024229acb800, 0x0000024229ac8000, 0x0000024229ac9000,
0x000002422aa12000, 0x000002422aa14000, 0x000002422aa14800, 0x000002422aa15800,
0x000002422aa16000, 0x000002422aa10800, 0x000002422aa17000, 0x000002422aa11800,
0x000002422aa1d800, 0x000002422aa1a800, 0x000002422aa1b000, 0x000002422aa1c000,
0x000002422aa18000, 0x000002422aa1e800, 0x000002422aa19800, 0x000002422aa1c800,
0x000002422aa18800, 0x000002422aa1f000, 0x000002422e97d800, 0x000002422e97f000,
0x000002422e979800, 0x000002422e97a000, 0x000002422e980800, 0x000002422e97e000,
0x000002422e980000, 0x000002422e97b000, 0x000002422e981800, 0x000002422e97b800,
0x000002422e982800, 0x000002422e97c800, 0x000002422e983000, 0x000002422e987000,
0x000002422e984000, 0x000002422e985800, 0x000002422e984800, 0x000002422e986800,
0x000002422e988000, 0x000002422eb0b800, 0x000002422eb0d000, 0x000002422eb0c000,
0x000002422eb0e000, 0x000002422eb08000, 0x000002422eb0e800, 0x000002422eb09000,
0x000002422eb09800, 0x000002422eb0a800, 0x000002422acbc800, 0x000002422acc1000,
0x000002422acc2800, 0x000002422acc3000, 0x000002422acbd800, 0x000002422acc1800,
0x000002422acbe800, 0x000002422acc4000
}

Java Threads: ( => current thread )
  0x000002420dca3800 JavaThread "main" [_thread_blocked, id=31604, stack(0x000000a371c00000,0x000000a371d00000)]
  0x0000024228147800 JavaThread "Reference Handler" daemon [_thread_blocked, id=13284, stack(0x000000a372300000,0x000000a372400000)]
  0x0000024228152000 JavaThread "Finalizer" daemon [_thread_blocked, id=23820, stack(0x000000a372400000,0x000000a372500000)]
  0x00000242281a8800 JavaThread "Signal Dispatcher" daemon [_thread_blocked, id=10348, stack(0x000000a372500000,0x000000a372600000)]
  0x00000242281a9800 JavaThread "Attach Listener" daemon [_thread_blocked, id=32376, stack(0x000000a372600000,0x000000a372700000)]
  0x00000242281ab800 JavaThread "Service Thread" daemon [_thread_blocked, id=6340, stack(0x000000a372700000,0x000000a372800000)]
  0x00000242281ae800 JavaThread "C2 CompilerThread0" daemon [_thread_blocked, id=29256, stack(0x000000a372800000,0x000000a372900000)]
  0x00000242281b0800 JavaThread "C1 CompilerThread0" daemon [_thread_blocked, id=20872, stack(0x000000a372900000,0x000000a372a00000)]
  0x00000242281bb800 JavaThread "Sweeper thread" daemon [_thread_blocked, id=6056, stack(0x000000a372a00000,0x000000a372b00000)]
  0x000002422831a000 JavaThread "Common-Cleaner" daemon [_thread_blocked, id=24452, stack(0x000000a372b00000,0x000000a372c00000)]
  0x0000024229723800 JavaThread "Daemon health stats" [_thread_blocked, id=32796, stack(0x000000a372e00000,0x000000a372f00000)]
  0x0000024229191800 JavaThread "Incoming local TCP Connector on port 37360" [_thread_in_native, id=26820, stack(0x000000a372d00000,0x000000a372e00000)]
  0x00000242299a9800 JavaThread "Daemon periodic checks" [_thread_blocked, id=24872, stack(0x000000a373100000,0x000000a373200000)]
  0x0000024229629800 JavaThread "Daemon" [_thread_blocked, id=14232, stack(0x000000a373200000,0x000000a373300000)]
  0x0000024229c58000 JavaThread "Handler for socket connection from /127.0.0.1:37360 to /127.0.0.1:37361" [_thread_in_native, id=20136, stack(0x000000a373300000,0x000000a373400000)]
  0x00000242294b5800 JavaThread "Cancel handler" [_thread_blocked, id=23408, stack(0x000000a373400000,0x000000a373500000)]
  0x000002422a269800 JavaThread "Daemon worker" [_thread_in_native, id=11160, stack(0x000000a373500000,0x000000a373600000)]
  0x000002422a239000 JavaThread "Asynchronous log dispatcher for DefaultDaemonConnection: socket connection from /127.0.0.1:37360 to /127.0.0.1:37361" [_thread_blocked, id=12432, stack(0x000000a373600000,0x000000a373700000)]
  0x000002422a107000 JavaThread "Daemon client event forwarder" [_thread_blocked, id=30244, stack(0x000000a373800000,0x000000a373900000)]
  0x0000024229ac9800 JavaThread "Cache worker for journal cache (C:\Users\Fernando Ku Ku\Desktop\Tapit-Android\.gradle\6.5\caches\journal-1)" [_thread_blocked, id=13672, stack(0x000000a373900000,0x000000a373a00000)]
  0x0000024229acd000 JavaThread "File lock request listener" [_thread_in_native, id=16948, stack(0x000000a373a00000,0x000000a373b00000)]
  0x0000024229ac7800 JavaThread "Cache worker for file hash cache (C:\Users\Fernando Ku Ku\Desktop\Tapit-Android\.gradle\6.5\caches\7.3.3\fileHashes)" [_thread_blocked, id=27796, stack(0x000000a373b00000,0x000000a373c00000)]
  0x0000024229ace000 JavaThread "Cache worker for file hash cache (C:\Users\Fernando Ku Ku\AndroidStudioProjects\WheaterApp\.gradle\7.3.3\fileHashes)" [_thread_blocked, id=11508, stack(0x000000a373c00000,0x000000a373d00000)]
=>0x0000024229aca800 JavaThread "File watcher server" daemon [_thread_in_native, id=18884, stack(0x000000a373d00000,0x000000a373e00000)]
  0x0000024229acc000 JavaThread "File watcher consumer" daemon [_thread_blocked, id=26240, stack(0x000000a373e00000,0x000000a373f00000)]
  0x0000024229acb800 JavaThread "Cache worker for checksums cache (C:\Users\Fernando Ku Ku\AndroidStudioProjects\WheaterApp\.gradle\7.3.3\checksums)" [_thread_blocked, id=14536, stack(0x000000a373f00000,0x000000a374000000)]
  0x0000024229ac8000 JavaThread "Cache worker for cache directory md-supplier (C:\Users\Fernando Ku Ku\Desktop\Tapit-Android\.gradle\6.5\caches\7.3.3\md-supplier)" [_thread_blocked, id=22012, stack(0x000000a374000000,0x000000a374100000)]
  0x0000024229ac9000 JavaThread "Cache worker for cache directory md-rule (C:\Users\Fernando Ku Ku\Desktop\Tapit-Android\.gradle\6.5\caches\7.3.3\md-rule)" [_thread_blocked, id=11020, stack(0x000000a374100000,0x000000a374200000)]
  0x000002422aa12000 JavaThread "Cache worker for execution history cache (C:\Users\Fernando Ku Ku\Desktop\Tapit-Android\.gradle\6.5\caches\7.3.3\executionHistory)" [_thread_blocked, id=24792, stack(0x000000a374200000,0x000000a374300000)]
  0x000002422aa14000 JavaThread "jar transforms" [_thread_blocked, id=12740, stack(0x000000a374300000,0x000000a374400000)]
  0x000002422aa14800 JavaThread "Cache worker for file content cache (C:\Users\Fernando Ku Ku\Desktop\Tapit-Android\.gradle\6.5\caches\7.3.3\fileContent)" [_thread_blocked, id=26924, stack(0x000000a373000000,0x000000a373100000)]
  0x000002422aa15800 JavaThread "jar transforms Thread 2" [_thread_blocked, id=19836, stack(0x000000a374500000,0x000000a374600000)]
  0x000002422aa16000 JavaThread "Cache worker for dependencies-accessors (C:\Users\Fernando Ku Ku\AndroidStudioProjects\WheaterApp\.gradle\7.3.3\dependencies-accessors)" [_thread_blocked, id=32456, stack(0x000000a374600000,0x000000a374700000)]
  0x000002422aa10800 JavaThread "jar transforms Thread 3" [_thread_blocked, id=18496, stack(0x000000a374700000,0x000000a374800000)]
  0x000002422aa17000 JavaThread "Cache worker for Build Output Cleanup Cache (C:\Users\Fernando Ku Ku\AndroidStudioProjects\WheaterApp\.gradle\buildOutputCleanup)" [_thread_blocked, id=6272, stack(0x000000a374400000,0x000000a374500000)]
  0x000002422aa11800 JavaThread "Unconstrained build operations" [_thread_blocked, id=31520, stack(0x000000a374a00000,0x000000a374b00000)]
  0x000002422aa1d800 JavaThread "Unconstrained build operations Thread 2" [_thread_blocked, id=18168, stack(0x000000a374b00000,0x000000a374c00000)]
  0x000002422aa1a800 JavaThread "Unconstrained build operations Thread 3" [_thread_blocked, id=6764, stack(0x000000a374c00000,0x000000a374d00000)]
  0x000002422aa1b000 JavaThread "Unconstrained build operations Thread 4" [_thread_blocked, id=33260, stack(0x000000a374d00000,0x000000a374e00000)]
  0x000002422aa1c000 JavaThread "Unconstrained build operations Thread 5" [_thread_blocked, id=28932, stack(0x000000a374e00000,0x000000a374f00000)]
  0x000002422aa18000 JavaThread "Unconstrained build operations Thread 6" [_thread_blocked, id=30144, stack(0x000000a374f00000,0x000000a375000000)]
  0x000002422aa1e800 JavaThread "Unconstrained build operations Thread 7" [_thread_blocked, id=28020, stack(0x000000a375000000,0x000000a375100000)]
  0x000002422aa19800 JavaThread "Unconstrained build operations Thread 8" [_thread_blocked, id=24272, stack(0x000000a375100000,0x000000a375200000)]
  0x000002422aa1c800 JavaThread "Unconstrained build operations Thread 9" [_thread_blocked, id=28004, stack(0x000000a375200000,0x000000a375300000)]
  0x000002422aa18800 JavaThread "Unconstrained build operations Thread 10" [_thread_blocked, id=33496, stack(0x000000a375300000,0x000000a375400000)]
  0x000002422aa1f000 JavaThread "Unconstrained build operations Thread 11" [_thread_blocked, id=11460, stack(0x000000a375400000,0x000000a375500000)]
  0x000002422e97d800 JavaThread "Unconstrained build operations Thread 12" [_thread_blocked, id=11704, stack(0x000000a375500000,0x000000a375600000)]
  0x000002422e97f000 JavaThread "Unconstrained build operations Thread 13" [_thread_blocked, id=25060, stack(0x000000a375600000,0x000000a375700000)]
  0x000002422e979800 JavaThread "Unconstrained build operations Thread 14" [_thread_blocked, id=32752, stack(0x000000a375700000,0x000000a375800000)]
  0x000002422e97a000 JavaThread "Unconstrained build operations Thread 15" [_thread_blocked, id=16300, stack(0x000000a374900000,0x000000a374a00000)]
  0x000002422e980800 JavaThread "Unconstrained build operations Thread 16" [_thread_blocked, id=28564, stack(0x000000a375800000,0x000000a375900000)]
  0x000002422e97e000 JavaThread "Unconstrained build operations Thread 17" [_thread_blocked, id=26748, stack(0x000000a375900000,0x000000a375a00000)]
  0x000002422e980000 JavaThread "Unconstrained build operations Thread 18" [_thread_blocked, id=29760, stack(0x000000a375a00000,0x000000a375b00000)]
  0x000002422e97b000 JavaThread "Unconstrained build operations Thread 19" [_thread_blocked, id=15892, stack(0x000000a375b00000,0x000000a375c00000)]
  0x000002422e981800 JavaThread "Unconstrained build operations Thread 20" [_thread_blocked, id=2600, stack(0x000000a375c00000,0x000000a375d00000)]
  0x000002422e97b800 JavaThread "Unconstrained build operations Thread 21" [_thread_blocked, id=24360, stack(0x000000a375d00000,0x000000a375e00000)]
  0x000002422e982800 JavaThread "Unconstrained build operations Thread 22" [_thread_blocked, id=27272, stack(0x000000a375e00000,0x000000a375f00000)]
  0x000002422e97c800 JavaThread "Unconstrained build operations Thread 23" [_thread_blocked, id=16992, stack(0x000000a375f00000,0x000000a376000000)]
  0x000002422e983000 JavaThread "Unconstrained build operations Thread 24" [_thread_blocked, id=21752, stack(0x000000a376000000,0x000000a376100000)]
  0x000002422e987000 JavaThread "Unconstrained build operations Thread 25" [_thread_blocked, id=24324, stack(0x000000a376100000,0x000000a376200000)]
  0x000002422e984000 JavaThread "Unconstrained build operations Thread 26" [_thread_blocked, id=14168, stack(0x000000a376200000,0x000000a376300000)]
  0x000002422e985800 JavaThread "Unconstrained build operations Thread 27" [_thread_blocked, id=26688, stack(0x000000a376300000,0x000000a376400000)]
  0x000002422e984800 JavaThread "Unconstrained build operations Thread 28" [_thread_blocked, id=29364, stack(0x000000a376400000,0x000000a376500000)]
  0x000002422e986800 JavaThread "Unconstrained build operations Thread 29" [_thread_blocked, id=12400, stack(0x000000a376500000,0x000000a376600000)]
  0x000002422e988000 JavaThread "Unconstrained build operations Thread 30" [_thread_blocked, id=27700, stack(0x000000a376600000,0x000000a376700000)]
  0x000002422eb0b800 JavaThread "Unconstrained build operations Thread 31" [_thread_blocked, id=9680, stack(0x000000a376700000,0x000000a376800000)]
  0x000002422eb0d000 JavaThread "Unconstrained build operations Thread 32" [_thread_blocked, id=6436, stack(0x000000a376800000,0x000000a376900000)]
  0x000002422eb0c000 JavaThread "Unconstrained build operations Thread 33" [_thread_blocked, id=31328, stack(0x000000a376900000,0x000000a376a00000)]
  0x000002422eb0e000 JavaThread "Unconstrained build operations Thread 34" [_thread_blocked, id=29860, stack(0x000000a376a00000,0x000000a376b00000)]
  0x000002422eb08000 JavaThread "Unconstrained build operations Thread 35" [_thread_blocked, id=5636, stack(0x000000a376b00000,0x000000a376c00000)]
  0x000002422eb0e800 JavaThread "Unconstrained build operations Thread 36" [_thread_blocked, id=19136, stack(0x000000a376c00000,0x000000a376d00000)]
  0x000002422eb09000 JavaThread "Unconstrained build operations Thread 37" [_thread_blocked, id=30252, stack(0x000000a376d00000,0x000000a376e00000)]
  0x000002422eb09800 JavaThread "Unconstrained build operations Thread 38" [_thread_blocked, id=8032, stack(0x000000a376e00000,0x000000a376f00000)]
  0x000002422eb0a800 JavaThread "Unconstrained build operations Thread 39" [_thread_blocked, id=31924, stack(0x000000a376f00000,0x000000a377000000)]
  0x000002422acbc800 JavaThread "Unconstrained build operations Thread 40" [_thread_blocked, id=28080, stack(0x000000a377000000,0x000000a377100000)]
  0x000002422acc1000 JavaThread "jar transforms Thread 4" [_thread_blocked, id=28548, stack(0x000000a372f00000,0x000000a373000000)]
  0x000002422acc2800 JavaThread "Memory manager" [_thread_blocked, id=26664, stack(0x000000a374800000,0x000000a374900000)]
  0x000002422acc3000 JavaThread "build event listener" [_thread_blocked, id=29688, stack(0x000000a377100000,0x000000a377200000)]
  0x000002422acbd800 JavaThread "Execution worker for ':'" [_thread_blocked, id=24608, stack(0x000000a377200000,0x000000a377300000)]
  0x000002422acc1800 JavaThread "Execution worker for ':' Thread 2" [_thread_blocked, id=28896, stack(0x000000a377300000,0x000000a377400000)]
  0x000002422acbe800 JavaThread "Execution worker for ':' Thread 3" [_thread_blocked, id=27872, stack(0x000000a377400000,0x000000a377500000)]
  0x000002422acc4000 JavaThread "Cache worker for execution history cache (C:\Users\Fernando Ku Ku\AndroidStudioProjects\WheaterApp\.gradle\7.3.3\executionHistory)" [_thread_blocked, id=860, stack(0x000000a377500000,0x000000a377600000)]

Other Threads:
  0x0000024228145800 VMThread "VM Thread" [stack: 0x000000a372200000,0x000000a372300000] [id=28264]
  0x0000024228345800 WatcherThread [stack: 0x000000a372c00000,0x000000a372d00000] [id=5952]
  0x000002420dcb9000 GCTaskThread "GC Thread#0" [stack: 0x000000a371d00000,0x000000a371e00000] [id=9648]
  0x00000242284e7000 GCTaskThread "GC Thread#1" [stack: 0x000000a371900000,0x000000a371a00000] [id=33308]
  0x0000024228856000 GCTaskThread "GC Thread#2" [stack: 0x000000a371a00000,0x000000a371b00000] [id=14448]
  0x00000242284b2000 GCTaskThread "GC Thread#3" [stack: 0x000000a371b00000,0x000000a371c00000] [id=15736]
  0x000002420dceb000 ConcurrentGCThread "G1 Main Marker" [stack: 0x000000a371e00000,0x000000a371f00000] [id=16916]
  0x000002420dced000 ConcurrentGCThread "G1 Conc#0" [stack: 0x000000a371f00000,0x000000a372000000] [id=29504]
  0x0000024227790800 ConcurrentGCThread "G1 Refine#0" [stack: 0x000000a372000000,0x000000a372100000] [id=21616]
  0x0000024227792800 ConcurrentGCThread "G1 Young RemSet Sampling" [stack: 0x000000a372100000,0x000000a372200000] [id=32784]

Threads with active compile tasks:

VM state:not at safepoint (normal execution)

VM Mutex/Monitor currently owned by a thread: None

Heap address: 0x0000000080000000, size: 2048 MB, Compressed Oops mode: 32-bit
Narrow klass base: 0x0000000000000000, Narrow klass shift: 3
Compressed class space size: 1073741824 Address: 0x0000000100000000

Heap:
 garbage-first heap   total 258048K, used 84269K [0x0000000080000000, 0x0000000100000000)
  region size 1024K, 19 young (19456K), 15 survivors (15360K)
 Metaspace       used 98653K, capacity 100826K, committed 101252K, reserved 1136640K
  class space    used 12557K, capacity 13368K, committed 13516K, reserved 1048576K
Heap Regions: E=young(eden), S=young(survivor), O=old, HS=humongous(starts), HC=humongous(continues), CS=collection set, F=free, A=archive, TAMS=top-at-mark-start (previous, next)
|   0|0x0000000080000000, 0x0000000080100000, 0x0000000080100000|100%|HS|  |TAMS 0x0000000080100000, 0x0000000080000000| Complete 
|   1|0x0000000080100000, 0x0000000080200000, 0x0000000080200000|100%|HC|  |TAMS 0x0000000080200000, 0x0000000080100000| Complete 
|   2|0x0000000080200000, 0x0000000080300000, 0x0000000080300000|100%|HC|  |TAMS 0x0000000080300000, 0x0000000080200000| Complete 
|   3|0x0000000080300000, 0x0000000080400000, 0x0000000080400000|100%| O|  |TAMS 0x0000000080400000, 0x0000000080300000| Untracked 
|   4|0x0000000080400000, 0x0000000080500000, 0x0000000080500000|100%| O|  |TAMS 0x0000000080500000, 0x0000000080400000| Untracked 
|   5|0x0000000080500000, 0x0000000080600000, 0x0000000080600000|100%| O|  |TAMS 0x0000000080600000, 0x0000000080500000| Untracked 
|   6|0x0000000080600000, 0x0000000080700000, 0x0000000080700000|100%| O|  |TAMS 0x0000000080700000, 0x0000000080600000| Untracked 
|   7|0x0000000080700000, 0x0000000080800000, 0x0000000080800000|100%| O|  |TAMS 0x0000000080800000, 0x0000000080700000| Untracked 
|   8|0x0000000080800000, 0x0000000080900000, 0x0000000080900000|100%| O|  |TAMS 0x0000000080900000, 0x0000000080800000| Untracked 
|   9|0x0000000080900000, 0x0000000080a00000, 0x0000000080a00000|100%| O|  |TAMS 0x0000000080a00000, 0x0000000080900000| Untracked 
|  10|0x0000000080a00000, 0x0000000080b00000, 0x0000000080b00000|100%| O|  |TAMS 0x0000000080b00000, 0x0000000080a00000| Untracked 
|  11|0x0000000080b00000, 0x0000000080c00000, 0x0000000080c00000|100%| O|  |TAMS 0x0000000080c00000, 0x0000000080b00000| Untracked 
|  12|0x0000000080c00000, 0x0000000080d00000, 0x0000000080d00000|100%| O|  |TAMS 0x0000000080d00000, 0x0000000080c00000| Untracked 
|  13|0x0000000080d00000, 0x0000000080e00000, 0x0000000080e00000|100%| O|  |TAMS 0x0000000080e00000, 0x0000000080d00000| Untracked 
|  14|0x0000000080e00000, 0x0000000080f00000, 0x0000000080f00000|100%| O|  |TAMS 0x0000000080f00000, 0x0000000080e00000| Untracked 
|  15|0x0000000080f00000, 0x0000000081000000, 0x0000000081000000|100%| O|  |TAMS 0x0000000081000000, 0x0000000080f00000| Untracked 
|  16|0x0000000081000000, 0x0000000081100000, 0x0000000081100000|100%| O|  |TAMS 0x0000000081100000, 0x0000000081000000| Untracked 
|  17|0x0000000081100000, 0x0000000081200000, 0x0000000081200000|100%| O|  |TAMS 0x0000000081200000, 0x0000000081100000| Untracked 
|  18|0x0000000081200000, 0x0000000081300000, 0x0000000081300000|100%| O|  |TAMS 0x0000000081300000, 0x0000000081200000| Untracked 
|  19|0x0000000081300000, 0x0000000081400000, 0x0000000081400000|100%| O|  |TAMS 0x0000000081400000, 0x0000000081300000| Untracked 
|  20|0x0000000081400000, 0x0000000081500000, 0x0000000081500000|100%| O|  |TAMS 0x0000000081500000, 0x0000000081400000| Untracked 
|  21|0x0000000081500000, 0x0000000081600000, 0x0000000081600000|100%| O|  |TAMS 0x0000000081600000, 0x0000000081500000| Untracked 
|  22|0x0000000081600000, 0x0000000081700000, 0x0000000081700000|100%| O|  |TAMS 0x0000000081700000, 0x0000000081600000| Untracked 
|  23|0x0000000081700000, 0x0000000081800000, 0x0000000081800000|100%| O|  |TAMS 0x0000000081800000, 0x0000000081700000| Untracked 
|  24|0x0000000081800000, 0x0000000081900000, 0x0000000081900000|100%| O|  |TAMS 0x0000000081900000, 0x0000000081800000| Untracked 
|  25|0x0000000081900000, 0x0000000081a00000, 0x0000000081a00000|100%| O|  |TAMS 0x0000000081a00000, 0x0000000081900000| Untracked 
|  26|0x0000000081a00000, 0x0000000081b00000, 0x0000000081b00000|100%| O|  |TAMS 0x0000000081b00000, 0x0000000081a00000| Untracked 
|  27|0x0000000081b00000, 0x0000000081c00000, 0x0000000081c00000|100%| O|  |TAMS 0x0000000081c00000, 0x0000000081b00000| Untracked 
|  28|0x0000000081c00000, 0x0000000081d00000, 0x0000000081d00000|100%| O|  |TAMS 0x0000000081d00000, 0x0000000081c00000| Untracked 
|  29|0x0000000081d00000, 0x0000000081e00000, 0x0000000081e00000|100%| O|  |TAMS 0x0000000081e00000, 0x0000000081d00000| Untracked 
|  30|0x0000000081e00000, 0x0000000081f00000, 0x0000000081f00000|100%| O|  |TAMS 0x0000000081f00000, 0x0000000081e00000| Untracked 
|  31|0x0000000081f00000, 0x0000000082000000, 0x0000000082000000|100%| O|  |TAMS 0x0000000082000000, 0x0000000081f00000| Untracked 
|  32|0x0000000082000000, 0x0000000082100000, 0x0000000082100000|100%| O|  |TAMS 0x0000000082100000, 0x0000000082000000| Untracked 
|  33|0x0000000082100000, 0x0000000082200000, 0x0000000082200000|100%| O|  |TAMS 0x0000000082200000, 0x0000000082100000| Untracked 
|  34|0x0000000082200000, 0x0000000082300000, 0x0000000082300000|100%| O|  |TAMS 0x0000000082300000, 0x0000000082200000| Untracked 
|  35|0x0000000082300000, 0x0000000082400000, 0x0000000082400000|100%| O|  |TAMS 0x0000000082400000, 0x0000000082300000| Untracked 
|  36|0x0000000082400000, 0x0000000082500000, 0x0000000082500000|100%| O|  |TAMS 0x0000000082500000, 0x0000000082400000| Untracked 
|  37|0x0000000082500000, 0x0000000082600000, 0x0000000082600000|100%| O|  |TAMS 0x0000000082600000, 0x0000000082500000| Untracked 
|  38|0x0000000082600000, 0x0000000082700000, 0x0000000082700000|100%| O|  |TAMS 0x0000000082700000, 0x0000000082600000| Untracked 
|  39|0x0000000082700000, 0x0000000082800000, 0x0000000082800000|100%| O|  |TAMS 0x0000000082800000, 0x0000000082700000| Untracked 
|  40|0x0000000082800000, 0x0000000082900000, 0x0000000082900000|100%|HS|  |TAMS 0x0000000082900000, 0x0000000082800000| Complete 
|  41|0x0000000082900000, 0x0000000082a00000, 0x0000000082a00000|100%| O|  |TAMS 0x0000000082a00000, 0x0000000082900000| Untracked 
|  42|0x0000000082a00000, 0x0000000082b00000, 0x0000000082b00000|100%|HS|  |TAMS 0x0000000082b00000, 0x0000000082a00000| Complete 
|  43|0x0000000082b00000, 0x0000000082c00000, 0x0000000082c00000|100%|HS|  |TAMS 0x0000000082c00000, 0x0000000082b00000| Complete 
|  44|0x0000000082c00000, 0x0000000082d00000, 0x0000000082d00000|100%|HS|  |TAMS 0x0000000082d00000, 0x0000000082c00000| Complete 
|  45|0x0000000082d00000, 0x0000000082e00000, 0x0000000082e00000|100%|HC|  |TAMS 0x0000000082e00000, 0x0000000082d00000| Complete 
|  46|0x0000000082e00000, 0x0000000082f00000, 0x0000000082f00000|100%|HC|  |TAMS 0x0000000082f00000, 0x0000000082e00000| Complete 
|  47|0x0000000082f00000, 0x0000000083000000, 0x0000000083000000|100%|HS|  |TAMS 0x0000000083000000, 0x0000000082f00000| Complete 
|  48|0x0000000083000000, 0x0000000083100000, 0x0000000083100000|100%|HC|  |TAMS 0x0000000083100000, 0x0000000083000000| Complete 
|  49|0x0000000083100000, 0x0000000083200000, 0x0000000083200000|100%| O|  |TAMS 0x0000000083200000, 0x0000000083100000| Untracked 
|  50|0x0000000083200000, 0x0000000083300000, 0x0000000083300000|100%| O|  |TAMS 0x0000000083300000, 0x0000000083200000| Untracked 
|  51|0x0000000083300000, 0x0000000083400000, 0x0000000083400000|100%| O|  |TAMS 0x0000000083400000, 0x0000000083300000| Untracked 
|  52|0x0000000083400000, 0x0000000083500000, 0x0000000083500000|100%| O|  |TAMS 0x0000000083500000, 0x0000000083400000| Untracked 
|  53|0x0000000083500000, 0x0000000083600000, 0x0000000083600000|100%| O|  |TAMS 0x0000000083600000, 0x0000000083500000| Untracked 
|  54|0x0000000083600000, 0x0000000083700000, 0x0000000083700000|100%| O|  |TAMS 0x0000000083700000, 0x0000000083600000| Untracked 
|  55|0x0000000083700000, 0x0000000083800000, 0x0000000083800000|100%| O|  |TAMS 0x0000000083800000, 0x0000000083700000| Untracked 
|  56|0x0000000083800000, 0x0000000083900000, 0x0000000083900000|100%| O|  |TAMS 0x0000000083900000, 0x0000000083800000| Untracked 
|  57|0x0000000083900000, 0x0000000083a00000, 0x0000000083a00000|100%| O|  |TAMS 0x0000000083a00000, 0x0000000083900000| Untracked 
|  58|0x0000000083a00000, 0x0000000083a00000, 0x0000000083b00000|  0%| F|  |TAMS 0x0000000083a00000, 0x0000000083a00000| Untracked 
|  59|0x0000000083b00000, 0x0000000083b00000, 0x0000000083c00000|  0%| F|  |TAMS 0x0000000083b00000, 0x0000000083b00000| Untracked 
|  60|0x0000000083c00000, 0x0000000083c00000, 0x0000000083d00000|  0%| F|  |TAMS 0x0000000083c00000, 0x0000000083c00000| Untracked 
|  61|0x0000000083d00000, 0x0000000083d00000, 0x0000000083e00000|  0%| F|  |TAMS 0x0000000083d00000, 0x0000000083d00000| Untracked 
|  62|0x0000000083e00000, 0x0000000083e00000, 0x0000000083f00000|  0%| F|  |TAMS 0x0000000083e00000, 0x0000000083e00000| Untracked 
|  63|0x0000000083f00000, 0x0000000083f00000, 0x0000000084000000|  0%| F|  |TAMS 0x0000000083f00000, 0x0000000083f00000| Untracked 
|  64|0x0000000084000000, 0x0000000084000000, 0x0000000084100000|  0%| F|  |TAMS 0x0000000084000000, 0x0000000084000000| Untracked 
|  65|0x0000000084100000, 0x0000000084100000, 0x0000000084200000|  0%| F|  |TAMS 0x0000000084100000, 0x0000000084100000| Untracked 
|  66|0x0000000084200000, 0x0000000084300000, 0x0000000084300000|100%| O|  |TAMS 0x0000000084300000, 0x0000000084200000| Untracked 
|  67|0x0000000084300000, 0x0000000084400000, 0x0000000084400000|100%| O|  |TAMS 0x0000000084400000, 0x0000000084300000| Untracked 
|  68|0x0000000084400000, 0x0000000084500000, 0x0000000084500000|100%| O|  |TAMS 0x0000000084500000, 0x0000000084400000| Untracked 
|  69|0x0000000084500000, 0x0000000084600000, 0x0000000084600000|100%| O|  |TAMS 0x0000000084600000, 0x0000000084500000| Untracked 
|  70|0x0000000084600000, 0x0000000084700000, 0x0000000084700000|100%| O|  |TAMS 0x0000000084700000, 0x0000000084600000| Untracked 
|  71|0x0000000084700000, 0x0000000084800000, 0x0000000084800000|100%| O|  |TAMS 0x0000000084800000, 0x0000000084700000| Untracked 
|  72|0x0000000084800000, 0x00000000848cb600, 0x0000000084900000| 79%| O|  |TAMS 0x00000000848cb600, 0x0000000084800000| Untracked 
|  73|0x0000000084900000, 0x0000000084900000, 0x0000000084a00000|  0%| F|  |TAMS 0x0000000084900000, 0x0000000084900000| Untracked 
|  74|0x0000000084a00000, 0x0000000084a00000, 0x0000000084b00000|  0%| F|  |TAMS 0x0000000084a00000, 0x0000000084a00000| Untracked 
|  75|0x0000000084b00000, 0x0000000084b00000, 0x0000000084c00000|  0%| F|  |TAMS 0x0000000084b00000, 0x0000000084b00000| Untracked 
|  76|0x0000000084c00000, 0x0000000084c00000, 0x0000000084d00000|  0%| F|  |TAMS 0x0000000084c00000, 0x0000000084c00000| Untracked 
|  77|0x0000000084d00000, 0x0000000084d00000, 0x0000000084e00000|  0%| F|  |TAMS 0x0000000084d00000, 0x0000000084d00000| Untracked 
|  78|0x0000000084e00000, 0x0000000084e00000, 0x0000000084f00000|  0%| F|  |TAMS 0x0000000084e00000, 0x0000000084e00000| Untracked 
|  79|0x0000000084f00000, 0x0000000084f00000, 0x0000000085000000|  0%| F|  |TAMS 0x0000000084f00000, 0x0000000084f00000| Untracked 
|  80|0x0000000085000000, 0x0000000085000000, 0x0000000085100000|  0%| F|  |TAMS 0x0000000085000000, 0x0000000085000000| Untracked 
|  81|0x0000000085100000, 0x0000000085100000, 0x0000000085200000|  0%| F|  |TAMS 0x0000000085100000, 0x0000000085100000| Untracked 
|  82|0x0000000085200000, 0x0000000085200000, 0x0000000085300000|  0%| F|  |TAMS 0x0000000085200000, 0x0000000085200000| Untracked 
|  83|0x0000000085300000, 0x0000000085300000, 0x0000000085400000|  0%| F|  |TAMS 0x0000000085300000, 0x0000000085300000| Untracked 
|  84|0x0000000085400000, 0x0000000085400000, 0x0000000085500000|  0%| F|  |TAMS 0x0000000085400000, 0x0000000085400000| Untracked 
|  85|0x0000000085500000, 0x0000000085500000, 0x0000000085600000|  0%| F|  |TAMS 0x0000000085500000, 0x0000000085500000| Untracked 
|  86|0x0000000085600000, 0x0000000085600000, 0x0000000085700000|  0%| F|  |TAMS 0x0000000085600000, 0x0000000085600000| Untracked 
|  87|0x0000000085700000, 0x0000000085700000, 0x0000000085800000|  0%| F|  |TAMS 0x0000000085700000, 0x0000000085700000| Untracked 
|  88|0x0000000085800000, 0x0000000085800000, 0x0000000085900000|  0%| F|  |TAMS 0x0000000085800000, 0x0000000085800000| Untracked 
|  89|0x0000000085900000, 0x0000000085900000, 0x0000000085a00000|  0%| F|  |TAMS 0x0000000085900000, 0x0000000085900000| Untracked 
|  90|0x0000000085a00000, 0x0000000085a00000, 0x0000000085b00000|  0%| F|  |TAMS 0x0000000085a00000, 0x0000000085a00000| Untracked 
|  91|0x0000000085b00000, 0x0000000085b00000, 0x0000000085c00000|  0%| F|  |TAMS 0x0000000085b00000, 0x0000000085b00000| Untracked 
|  92|0x0000000085c00000, 0x0000000085c00000, 0x0000000085d00000|  0%| F|  |TAMS 0x0000000085c00000, 0x0000000085c00000| Untracked 
|  93|0x0000000085d00000, 0x0000000085d00000, 0x0000000085e00000|  0%| F|  |TAMS 0x0000000085d00000, 0x0000000085d00000| Untracked 
|  94|0x0000000085e00000, 0x0000000085e00000, 0x0000000085f00000|  0%| F|  |TAMS 0x0000000085e00000, 0x0000000085e00000| Untracked 
|  95|0x0000000085f00000, 0x0000000085f00000, 0x0000000086000000|  0%| F|  |TAMS 0x0000000085f00000, 0x0000000085f00000| Untracked 
|  96|0x0000000086000000, 0x0000000086000000, 0x0000000086100000|  0%| F|  |TAMS 0x0000000086000000, 0x0000000086000000| Untracked 
|  97|0x0000000086100000, 0x0000000086100000, 0x0000000086200000|  0%| F|  |TAMS 0x0000000086100000, 0x0000000086100000| Untracked 
|  98|0x0000000086200000, 0x0000000086200000, 0x0000000086300000|  0%| F|  |TAMS 0x0000000086200000, 0x0000000086200000| Untracked 
|  99|0x0000000086300000, 0x0000000086300000, 0x0000000086400000|  0%| F|  |TAMS 0x0000000086300000, 0x0000000086300000| Untracked 
| 100|0x0000000086400000, 0x0000000086400000, 0x0000000086500000|  0%| F|  |TAMS 0x0000000086400000, 0x0000000086400000| Untracked 
| 101|0x0000000086500000, 0x0000000086500000, 0x0000000086600000|  0%| F|  |TAMS 0x0000000086500000, 0x0000000086500000| Untracked 
| 102|0x0000000086600000, 0x0000000086600000, 0x0000000086700000|  0%| F|  |TAMS 0x0000000086600000, 0x0000000086600000| Untracked 
| 103|0x0000000086700000, 0x0000000086700000, 0x0000000086800000|  0%| F|  |TAMS 0x0000000086700000, 0x0000000086700000| Untracked 
| 104|0x0000000086800000, 0x0000000086800000, 0x0000000086900000|  0%| F|  |TAMS 0x0000000086800000, 0x0000000086800000| Untracked 
| 105|0x0000000086900000, 0x0000000086900000, 0x0000000086a00000|  0%| F|  |TAMS 0x0000000086900000, 0x0000000086900000| Untracked 
| 106|0x0000000086a00000, 0x0000000086a00000, 0x0000000086b00000|  0%| F|  |TAMS 0x0000000086a00000, 0x0000000086a00000| Untracked 
| 107|0x0000000086b00000, 0x0000000086b00000, 0x0000000086c00000|  0%| F|  |TAMS 0x0000000086b00000, 0x0000000086b00000| Untracked 
| 108|0x0000000086c00000, 0x0000000086c00000, 0x0000000086d00000|  0%| F|  |TAMS 0x0000000086c00000, 0x0000000086c00000| Untracked 
| 109|0x0000000086d00000, 0x0000000086d00000, 0x0000000086e00000|  0%| F|  |TAMS 0x0000000086d00000, 0x0000000086d00000| Untracked 
| 110|0x0000000086e00000, 0x0000000086e00000, 0x0000000086f00000|  0%| F|  |TAMS 0x0000000086e00000, 0x0000000086e00000| Untracked 
| 111|0x0000000086f00000, 0x0000000086f00000, 0x0000000087000000|  0%| F|  |TAMS 0x0000000086f00000, 0x0000000086f00000| Untracked 
| 112|0x0000000087000000, 0x0000000087000000, 0x0000000087100000|  0%| F|  |TAMS 0x0000000087000000, 0x0000000087000000| Untracked 
| 113|0x0000000087100000, 0x0000000087100000, 0x0000000087200000|  0%| F|  |TAMS 0x0000000087100000, 0x0000000087100000| Untracked 
| 114|0x0000000087200000, 0x0000000087200000, 0x0000000087300000|  0%| F|  |TAMS 0x0000000087200000, 0x0000000087200000| Untracked 
| 115|0x0000000087300000, 0x0000000087300000, 0x0000000087400000|  0%| F|  |TAMS 0x0000000087300000, 0x0000000087300000| Untracked 
| 116|0x0000000087400000, 0x0000000087400000, 0x0000000087500000|  0%| F|  |TAMS 0x0000000087400000, 0x0000000087400000| Untracked 
| 117|0x0000000087500000, 0x0000000087500000, 0x0000000087600000|  0%| F|  |TAMS 0x0000000087500000, 0x0000000087500000| Untracked 
| 118|0x0000000087600000, 0x0000000087600000, 0x0000000087700000|  0%| F|  |TAMS 0x0000000087600000, 0x0000000087600000| Untracked 
| 119|0x0000000087700000, 0x0000000087700000, 0x0000000087800000|  0%| F|  |TAMS 0x0000000087700000, 0x0000000087700000| Untracked 
| 120|0x0000000087800000, 0x0000000087800000, 0x0000000087900000|  0%| F|  |TAMS 0x0000000087800000, 0x0000000087800000| Untracked 
| 121|0x0000000087900000, 0x0000000087900000, 0x0000000087a00000|  0%| F|  |TAMS 0x0000000087900000, 0x0000000087900000| Untracked 
| 122|0x0000000087a00000, 0x0000000087a00000, 0x0000000087b00000|  0%| F|  |TAMS 0x0000000087a00000, 0x0000000087a00000| Untracked 
| 123|0x0000000087b00000, 0x0000000087b00000, 0x0000000087c00000|  0%| F|  |TAMS 0x0000000087b00000, 0x0000000087b00000| Untracked 
| 124|0x0000000087c00000, 0x0000000087c00000, 0x0000000087d00000|  0%| F|  |TAMS 0x0000000087c00000, 0x0000000087c00000| Untracked 
| 125|0x0000000087d00000, 0x0000000087d00000, 0x0000000087e00000|  0%| F|  |TAMS 0x0000000087d00000, 0x0000000087d00000| Untracked 
| 126|0x0000000087e00000, 0x0000000087e00000, 0x0000000087f00000|  0%| F|  |TAMS 0x0000000087e00000, 0x0000000087e00000| Untracked 
| 127|0x0000000087f00000, 0x0000000087f00000, 0x0000000088000000|  0%| F|  |TAMS 0x0000000087f00000, 0x0000000087f00000| Untracked 
| 128|0x0000000088000000, 0x0000000088000000, 0x0000000088100000|  0%| F|  |TAMS 0x0000000088000000, 0x0000000088000000| Untracked 
| 129|0x0000000088100000, 0x0000000088100000, 0x0000000088200000|  0%| F|  |TAMS 0x0000000088100000, 0x0000000088100000| Untracked 
| 130|0x0000000088200000, 0x0000000088200000, 0x0000000088300000|  0%| F|  |TAMS 0x0000000088200000, 0x0000000088200000| Untracked 
| 131|0x0000000088300000, 0x0000000088300000, 0x0000000088400000|  0%| F|  |TAMS 0x0000000088300000, 0x0000000088300000| Untracked 
| 132|0x0000000088400000, 0x0000000088400000, 0x0000000088500000|  0%| F|  |TAMS 0x0000000088400000, 0x0000000088400000| Untracked 
| 133|0x0000000088500000, 0x0000000088500000, 0x0000000088600000|  0%| F|  |TAMS 0x0000000088500000, 0x0000000088500000| Untracked 
| 134|0x0000000088600000, 0x0000000088600000, 0x0000000088700000|  0%| F|  |TAMS 0x0000000088600000, 0x0000000088600000| Untracked 
| 135|0x0000000088700000, 0x0000000088700000, 0x0000000088800000|  0%| F|  |TAMS 0x0000000088700000, 0x0000000088700000| Untracked 
| 136|0x0000000088800000, 0x0000000088800000, 0x0000000088900000|  0%| F|  |TAMS 0x0000000088800000, 0x0000000088800000| Untracked 
| 137|0x0000000088900000, 0x0000000088900000, 0x0000000088a00000|  0%| F|  |TAMS 0x0000000088900000, 0x0000000088900000| Untracked 
| 138|0x0000000088a00000, 0x0000000088a00000, 0x0000000088b00000|  0%| F|  |TAMS 0x0000000088a00000, 0x0000000088a00000| Untracked 
| 139|0x0000000088b00000, 0x0000000088b00000, 0x0000000088c00000|  0%| F|  |TAMS 0x0000000088b00000, 0x0000000088b00000| Untracked 
| 140|0x0000000088c00000, 0x0000000088c00000, 0x0000000088d00000|  0%| F|  |TAMS 0x0000000088c00000, 0x0000000088c00000| Untracked 
| 141|0x0000000088d00000, 0x0000000088d00000, 0x0000000088e00000|  0%| F|  |TAMS 0x0000000088d00000, 0x0000000088d00000| Untracked 
| 142|0x0000000088e00000, 0x0000000088e00000, 0x0000000088f00000|  0%| F|  |TAMS 0x0000000088e00000, 0x0000000088e00000| Untracked 
| 143|0x0000000088f00000, 0x0000000088f00000, 0x0000000089000000|  0%| F|  |TAMS 0x0000000088f00000, 0x0000000088f00000| Untracked 
| 144|0x0000000089000000, 0x0000000089000000, 0x0000000089100000|  0%| F|  |TAMS 0x0000000089000000, 0x0000000089000000| Untracked 
| 145|0x0000000089100000, 0x0000000089100000, 0x0000000089200000|  0%| F|  |TAMS 0x0000000089100000, 0x0000000089100000| Untracked 
| 146|0x0000000089200000, 0x0000000089200000, 0x0000000089300000|  0%| F|  |TAMS 0x0000000089200000, 0x0000000089200000| Untracked 
| 147|0x0000000089300000, 0x0000000089300000, 0x0000000089400000|  0%| F|  |TAMS 0x0000000089300000, 0x0000000089300000| Untracked 
| 148|0x0000000089400000, 0x0000000089400000, 0x0000000089500000|  0%| F|  |TAMS 0x0000000089400000, 0x0000000089400000| Untracked 
| 149|0x0000000089500000, 0x0000000089500000, 0x0000000089600000|  0%| F|  |TAMS 0x0000000089500000, 0x0000000089500000| Untracked 
| 150|0x0000000089600000, 0x0000000089680000, 0x0000000089700000| 50%| S|CS|TAMS 0x0000000089600000, 0x0000000089600000| Complete 
| 151|0x0000000089700000, 0x0000000089800000, 0x0000000089800000|100%| S|CS|TAMS 0x0000000089700000, 0x0000000089700000| Complete 
| 152|0x0000000089800000, 0x0000000089900000, 0x0000000089900000|100%| S|CS|TAMS 0x0000000089800000, 0x0000000089800000| Complete 
| 153|0x0000000089900000, 0x0000000089a00000, 0x0000000089a00000|100%| S|CS|TAMS 0x0000000089900000, 0x0000000089900000| Complete 
| 154|0x0000000089a00000, 0x0000000089b00000, 0x0000000089b00000|100%| S|CS|TAMS 0x0000000089a00000, 0x0000000089a00000| Complete 
| 155|0x0000000089b00000, 0x0000000089c00000, 0x0000000089c00000|100%| S|CS|TAMS 0x0000000089b00000, 0x0000000089b00000| Complete 
| 156|0x0000000089c00000, 0x0000000089d00000, 0x0000000089d00000|100%| S|CS|TAMS 0x0000000089c00000, 0x0000000089c00000| Complete 
| 157|0x0000000089d00000, 0x0000000089e00000, 0x0000000089e00000|100%| S|CS|TAMS 0x0000000089d00000, 0x0000000089d00000| Complete 
| 158|0x0000000089e00000, 0x0000000089f00000, 0x0000000089f00000|100%| S|CS|TAMS 0x0000000089e00000, 0x0000000089e00000| Complete 
| 159|0x0000000089f00000, 0x000000008a000000, 0x000000008a000000|100%| S|CS|TAMS 0x0000000089f00000, 0x0000000089f00000| Complete 
| 160|0x000000008a000000, 0x000000008a100000, 0x000000008a100000|100%| S|CS|TAMS 0x000000008a000000, 0x000000008a000000| Complete 
| 161|0x000000008a100000, 0x000000008a200000, 0x000000008a200000|100%| S|CS|TAMS 0x000000008a100000, 0x000000008a100000| Complete 
| 162|0x000000008a200000, 0x000000008a300000, 0x000000008a300000|100%| S|CS|TAMS 0x000000008a200000, 0x000000008a200000| Complete 
| 163|0x000000008a300000, 0x000000008a400000, 0x000000008a400000|100%| S|CS|TAMS 0x000000008a300000, 0x000000008a300000| Complete 
| 164|0x000000008a400000, 0x000000008a500000, 0x000000008a500000|100%| S|CS|TAMS 0x000000008a400000, 0x000000008a400000| Complete 
| 165|0x000000008a500000, 0x000000008a500000, 0x000000008a600000|  0%| F|  |TAMS 0x000000008a500000, 0x000000008a500000| Untracked 
| 166|0x000000008a600000, 0x000000008a600000, 0x000000008a700000|  0%| F|  |TAMS 0x000000008a600000, 0x000000008a600000| Untracked 
| 167|0x000000008a700000, 0x000000008a700000, 0x000000008a800000|  0%| F|  |TAMS 0x000000008a700000, 0x000000008a700000| Untracked 
| 168|0x000000008a800000, 0x000000008a800000, 0x000000008a900000|  0%| F|  |TAMS 0x000000008a800000, 0x000000008a800000| Untracked 
| 169|0x000000008a900000, 0x000000008a900000, 0x000000008aa00000|  0%| F|  |TAMS 0x000000008a900000, 0x000000008a900000| Untracked 
| 170|0x000000008aa00000, 0x000000008aa00000, 0x000000008ab00000|  0%| F|  |TAMS 0x000000008aa00000, 0x000000008aa00000| Untracked 
| 171|0x000000008ab00000, 0x000000008ab00000, 0x000000008ac00000|  0%| F|  |TAMS 0x000000008ab00000, 0x000000008ab00000| Untracked 
| 172|0x000000008ac00000, 0x000000008ac00000, 0x000000008ad00000|  0%| F|  |TAMS 0x000000008ac00000, 0x000000008ac00000| Untracked 
| 173|0x000000008ad00000, 0x000000008ad00000, 0x000000008ae00000|  0%| F|  |TAMS 0x000000008ad00000, 0x000000008ad00000| Untracked 
| 174|0x000000008ae00000, 0x000000008ae00000, 0x000000008af00000|  0%| F|  |TAMS 0x000000008ae00000, 0x000000008ae00000| Untracked 
| 175|0x000000008af00000, 0x000000008af00000, 0x000000008b000000|  0%| F|  |TAMS 0x000000008af00000, 0x000000008af00000| Untracked 
| 176|0x000000008b000000, 0x000000008b000000, 0x000000008b100000|  0%| F|  |TAMS 0x000000008b000000, 0x000000008b000000| Untracked 
| 177|0x000000008b100000, 0x000000008b100000, 0x000000008b200000|  0%| F|  |TAMS 0x000000008b100000, 0x000000008b100000| Untracked 
| 178|0x000000008b200000, 0x000000008b200000, 0x000000008b300000|  0%| F|  |TAMS 0x000000008b200000, 0x000000008b200000| Untracked 
| 179|0x000000008b300000, 0x000000008b300000, 0x000000008b400000|  0%| F|  |TAMS 0x000000008b300000, 0x000000008b300000| Untracked 
| 180|0x000000008b400000, 0x000000008b400000, 0x000000008b500000|  0%| F|  |TAMS 0x000000008b400000, 0x000000008b400000| Untracked 
| 181|0x000000008b500000, 0x000000008b500000, 0x000000008b600000|  0%| F|  |TAMS 0x000000008b500000, 0x000000008b500000| Untracked 
| 182|0x000000008b600000, 0x000000008b600000, 0x000000008b700000|  0%| F|  |TAMS 0x000000008b600000, 0x000000008b600000| Untracked 
| 183|0x000000008b700000, 0x000000008b700000, 0x000000008b800000|  0%| F|  |TAMS 0x000000008b700000, 0x000000008b700000| Untracked 
| 184|0x000000008b800000, 0x000000008b800000, 0x000000008b900000|  0%| F|  |TAMS 0x000000008b800000, 0x000000008b800000| Untracked 
| 185|0x000000008b900000, 0x000000008b900000, 0x000000008ba00000|  0%| F|  |TAMS 0x000000008b900000, 0x000000008b900000| Untracked 
| 186|0x000000008ba00000, 0x000000008ba00000, 0x000000008bb00000|  0%| F|  |TAMS 0x000000008ba00000, 0x000000008ba00000| Untracked 
| 187|0x000000008bb00000, 0x000000008bb00000, 0x000000008bc00000|  0%| F|  |TAMS 0x000000008bb00000, 0x000000008bb00000| Untracked 
| 188|0x000000008bc00000, 0x000000008bc00000, 0x000000008bd00000|  0%| F|  |TAMS 0x000000008bc00000, 0x000000008bc00000| Untracked 
| 189|0x000000008bd00000, 0x000000008bd00000, 0x000000008be00000|  0%| F|  |TAMS 0x000000008bd00000, 0x000000008bd00000| Untracked 
| 190|0x000000008be00000, 0x000000008be00000, 0x000000008bf00000|  0%| F|  |TAMS 0x000000008be00000, 0x000000008be00000| Untracked 
| 191|0x000000008bf00000, 0x000000008bf00000, 0x000000008c000000|  0%| F|  |TAMS 0x000000008bf00000, 0x000000008bf00000| Untracked 
| 192|0x000000008c000000, 0x000000008c000000, 0x000000008c100000|  0%| F|  |TAMS 0x000000008c000000, 0x000000008c000000| Untracked 
| 193|0x000000008c100000, 0x000000008c100000, 0x000000008c200000|  0%| F|  |TAMS 0x000000008c100000, 0x000000008c100000| Untracked 
| 194|0x000000008c200000, 0x000000008c200000, 0x000000008c300000|  0%| F|  |TAMS 0x000000008c200000, 0x000000008c200000| Untracked 
| 195|0x000000008c300000, 0x000000008c300000, 0x000000008c400000|  0%| F|  |TAMS 0x000000008c300000, 0x000000008c300000| Untracked 
| 196|0x000000008c400000, 0x000000008c400000, 0x000000008c500000|  0%| F|  |TAMS 0x000000008c400000, 0x000000008c400000| Untracked 
| 197|0x000000008c500000, 0x000000008c500000, 0x000000008c600000|  0%| F|  |TAMS 0x000000008c500000, 0x000000008c500000| Untracked 
| 198|0x000000008c600000, 0x000000008c600000, 0x000000008c700000|  0%| F|  |TAMS 0x000000008c600000, 0x000000008c600000| Untracked 
| 199|0x000000008c700000, 0x000000008c700000, 0x000000008c800000|  0%| F|  |TAMS 0x000000008c700000, 0x000000008c700000| Untracked 
| 200|0x000000008c800000, 0x000000008c800000, 0x000000008c900000|  0%| F|  |TAMS 0x000000008c800000, 0x000000008c800000| Untracked 
| 201|0x000000008c900000, 0x000000008c900000, 0x000000008ca00000|  0%| F|  |TAMS 0x000000008c900000, 0x000000008c900000| Untracked 
| 202|0x000000008ca00000, 0x000000008ca00000, 0x000000008cb00000|  0%| F|  |TAMS 0x000000008ca00000, 0x000000008ca00000| Untracked 
| 203|0x000000008cb00000, 0x000000008cb00000, 0x000000008cc00000|  0%| F|  |TAMS 0x000000008cb00000, 0x000000008cb00000| Untracked 
| 204|0x000000008cc00000, 0x000000008cc00000, 0x000000008cd00000|  0%| F|  |TAMS 0x000000008cc00000, 0x000000008cc00000| Untracked 
| 205|0x000000008cd00000, 0x000000008cd00000, 0x000000008ce00000|  0%| F|  |TAMS 0x000000008cd00000, 0x000000008cd00000| Untracked 
| 206|0x000000008ce00000, 0x000000008ce00000, 0x000000008cf00000|  0%| F|  |TAMS 0x000000008ce00000, 0x000000008ce00000| Untracked 
| 207|0x000000008cf00000, 0x000000008cf00000, 0x000000008d000000|  0%| F|  |TAMS 0x000000008cf00000, 0x000000008cf00000| Untracked 
| 208|0x000000008d000000, 0x000000008d000000, 0x000000008d100000|  0%| F|  |TAMS 0x000000008d000000, 0x000000008d000000| Untracked 
| 209|0x000000008d100000, 0x000000008d100000, 0x000000008d200000|  0%| F|  |TAMS 0x000000008d100000, 0x000000008d100000| Untracked 
| 210|0x000000008d200000, 0x000000008d200000, 0x000000008d300000|  0%| F|  |TAMS 0x000000008d200000, 0x000000008d200000| Untracked 
| 211|0x000000008d300000, 0x000000008d300000, 0x000000008d400000|  0%| F|  |TAMS 0x000000008d300000, 0x000000008d300000| Untracked 
| 212|0x000000008d400000, 0x000000008d400000, 0x000000008d500000|  0%| F|  |TAMS 0x000000008d400000, 0x000000008d400000| Untracked 
| 213|0x000000008d500000, 0x000000008d500000, 0x000000008d600000|  0%| F|  |TAMS 0x000000008d500000, 0x000000008d500000| Untracked 
| 214|0x000000008d600000, 0x000000008d600000, 0x000000008d700000|  0%| F|  |TAMS 0x000000008d600000, 0x000000008d600000| Untracked 
| 215|0x000000008d700000, 0x000000008d700000, 0x000000008d800000|  0%| F|  |TAMS 0x000000008d700000, 0x000000008d700000| Untracked 
| 216|0x000000008d800000, 0x000000008d800000, 0x000000008d900000|  0%| F|  |TAMS 0x000000008d800000, 0x000000008d800000| Untracked 
| 217|0x000000008d900000, 0x000000008d900000, 0x000000008da00000|  0%| F|  |TAMS 0x000000008d900000, 0x000000008d900000| Untracked 
| 218|0x000000008da00000, 0x000000008da00000, 0x000000008db00000|  0%| F|  |TAMS 0x000000008da00000, 0x000000008da00000| Untracked 
| 219|0x000000008db00000, 0x000000008db00000, 0x000000008dc00000|  0%| F|  |TAMS 0x000000008db00000, 0x000000008db00000| Untracked 
| 220|0x000000008dc00000, 0x000000008dc00000, 0x000000008dd00000|  0%| F|  |TAMS 0x000000008dc00000, 0x000000008dc00000| Untracked 
| 221|0x000000008dd00000, 0x000000008dd00000, 0x000000008de00000|  0%| F|  |TAMS 0x000000008dd00000, 0x000000008dd00000| Untracked 
| 222|0x000000008de00000, 0x000000008de00000, 0x000000008df00000|  0%| F|  |TAMS 0x000000008de00000, 0x000000008de00000| Untracked 
| 223|0x000000008df00000, 0x000000008df00000, 0x000000008e000000|  0%| F|  |TAMS 0x000000008df00000, 0x000000008df00000| Untracked 
| 224|0x000000008e000000, 0x000000008e000000, 0x000000008e100000|  0%| F|  |TAMS 0x000000008e000000, 0x000000008e000000| Untracked 
| 225|0x000000008e100000, 0x000000008e100000, 0x000000008e200000|  0%| F|  |TAMS 0x000000008e100000, 0x000000008e100000| Untracked 
| 226|0x000000008e200000, 0x000000008e200000, 0x000000008e300000|  0%| F|  |TAMS 0x000000008e200000, 0x000000008e200000| Untracked 
| 227|0x000000008e300000, 0x000000008e300000, 0x000000008e400000|  0%| F|  |TAMS 0x000000008e300000, 0x000000008e300000| Untracked 
| 228|0x000000008e400000, 0x000000008e400000, 0x000000008e500000|  0%| F|  |TAMS 0x000000008e400000, 0x000000008e400000| Untracked 
| 229|0x000000008e500000, 0x000000008e500000, 0x000000008e600000|  0%| F|  |TAMS 0x000000008e500000, 0x000000008e500000| Untracked 
| 230|0x000000008e600000, 0x000000008e600000, 0x000000008e700000|  0%| F|  |TAMS 0x000000008e600000, 0x000000008e600000| Untracked 
| 231|0x000000008e700000, 0x000000008e700000, 0x000000008e800000|  0%| F|  |TAMS 0x000000008e700000, 0x000000008e700000| Untracked 
| 232|0x000000008e800000, 0x000000008e800000, 0x000000008e900000|  0%| F|  |TAMS 0x000000008e800000, 0x000000008e800000| Untracked 
| 233|0x000000008e900000, 0x000000008e900000, 0x000000008ea00000|  0%| F|  |TAMS 0x000000008e900000, 0x000000008e900000| Untracked 
| 234|0x000000008ea00000, 0x000000008ea00000, 0x000000008eb00000|  0%| F|  |TAMS 0x000000008ea00000, 0x000000008ea00000| Untracked 
| 235|0x000000008eb00000, 0x000000008eb00000, 0x000000008ec00000|  0%| F|  |TAMS 0x000000008eb00000, 0x000000008eb00000| Untracked 
| 236|0x000000008ec00000, 0x000000008ec00000, 0x000000008ed00000|  0%| F|  |TAMS 0x000000008ec00000, 0x000000008ec00000| Untracked 
| 237|0x000000008ed00000, 0x000000008ed00000, 0x000000008ee00000|  0%| F|  |TAMS 0x000000008ed00000, 0x000000008ed00000| Untracked 
| 238|0x000000008ee00000, 0x000000008ee00000, 0x000000008ef00000|  0%| F|  |TAMS 0x000000008ee00000, 0x000000008ee00000| Untracked 
| 239|0x000000008ef00000, 0x000000008ef00000, 0x000000008f000000|  0%| F|  |TAMS 0x000000008ef00000, 0x000000008ef00000| Untracked 
| 240|0x000000008f000000, 0x000000008f000000, 0x000000008f100000|  0%| F|  |TAMS 0x000000008f000000, 0x000000008f000000| Untracked 
| 241|0x000000008f100000, 0x000000008f100000, 0x000000008f200000|  0%| F|  |TAMS 0x000000008f100000, 0x000000008f100000| Untracked 
| 242|0x000000008f200000, 0x000000008f200000, 0x000000008f300000|  0%| F|  |TAMS 0x000000008f200000, 0x000000008f200000| Untracked 
| 243|0x000000008f300000, 0x000000008f300000, 0x000000008f400000|  0%| F|  |TAMS 0x000000008f300000, 0x000000008f300000| Untracked 
| 244|0x000000008f400000, 0x000000008f400000, 0x000000008f500000|  0%| F|  |TAMS 0x000000008f400000, 0x000000008f400000| Untracked 
| 245|0x000000008f500000, 0x000000008f500000, 0x000000008f600000|  0%| F|  |TAMS 0x000000008f500000, 0x000000008f500000| Untracked 
| 246|0x000000008f600000, 0x000000008f600000, 0x000000008f700000|  0%| F|  |TAMS 0x000000008f600000, 0x000000008f600000| Untracked 
| 247|0x000000008f700000, 0x000000008f700000, 0x000000008f800000|  0%| F|  |TAMS 0x000000008f700000, 0x000000008f700000| Untracked 
| 248|0x000000008f800000, 0x000000008f8210d0, 0x000000008f900000| 12%| E|  |TAMS 0x000000008f800000, 0x000000008f800000| Complete 
| 249|0x000000008f900000, 0x000000008fa00000, 0x000000008fa00000|100%| E|CS|TAMS 0x000000008f900000, 0x000000008f900000| Complete 
| 250|0x000000008fa00000, 0x000000008fb00000, 0x000000008fb00000|100%| E|CS|TAMS 0x000000008fa00000, 0x000000008fa00000| Complete 
| 251|0x000000008fb00000, 0x000000008fc00000, 0x000000008fc00000|100%| E|CS|TAMS 0x000000008fb00000, 0x000000008fb00000| Complete 

Card table byte_map: [0x0000024220bc0000,0x0000024220fc0000] _byte_map_base: 0x00000242207c0000

Marking Bits (Prev, Next): (CMBitMap*) 0x000002420dce2008, (CMBitMap*) 0x000002420dce2040
 Prev Bits: [0x00000242213c0000, 0x00000242233c0000)
 Next Bits: [0x00000242233c0000, 0x00000242253c0000)

Polling page: 0x000002420d480000

Metaspace:

Usage:
  Non-class:     85.41 MB capacity,    84.08 MB ( 98%) used,     1.08 MB (  1%) free+waste,   254.00 KB ( <1%) overhead. 
      Class:     13.05 MB capacity,    12.26 MB ( 94%) used,   696.47 KB (  5%) free+waste,   114.44 KB ( <1%) overhead. 
       Both:     98.46 MB capacity,    96.34 MB ( 98%) used,     1.76 MB (  2%) free+waste,   368.44 KB ( <1%) overhead. 

Virtual space:
  Non-class space:       86.00 MB reserved,      85.68 MB (>99%) committed 
      Class space:        1.00 GB reserved,      13.20 MB (  1%) committed 
             Both:        1.08 GB reserved,      98.88 MB (  9%) committed 

Chunk freelists:
   Non-Class:  102.00 KB
       Class:  83.00 KB
        Both:  185.00 KB

MaxMetaspaceSize: 17179869184.00 GB
CompressedClassSpaceSize: 1.00 GB
Initial GC threshold: 20.80 MB
Current GC threshold: 164.80 MB
CDS: off

CodeHeap 'non-profiled nmethods': size=120064Kb used=10621Kb max_used=10621Kb free=109442Kb
 bounds [0x0000024219280000, 0x0000024219ce0000, 0x00000242207c0000]
CodeHeap 'profiled nmethods': size=120000Kb used=27446Kb max_used=27446Kb free=92553Kb
 bounds [0x0000024211d50000, 0x0000024213820000, 0x0000024219280000]
CodeHeap 'non-nmethods': size=5696Kb used=2415Kb max_used=2505Kb free=3280Kb
 bounds [0x00000242117c0000, 0x0000024211a40000, 0x0000024211d50000]
 total_blobs=13330 nmethods=12393 adapters=849
 compilation: enabled
              stopped_count=0, restarted_count=0
 full_count=0

Compilation events (20 events):
Event: 585.250 Thread 0x00000242281b0800 12523       3       org.gradle.api.internal.file.collections.DefaultConfigurableFileCollection$UnresolvedItemsCollector::visitContents (54 bytes)
Event: 585.250 Thread 0x00000242281b0800 nmethod 12523 0x000002421381af90 code [0x000002421381b1a0, 0x000002421381b6e8]
Event: 585.250 Thread 0x00000242281b0800 12524       3       java.io.ObjectOutputStream$BlockDataOutputStream::writeInt (46 bytes)
Event: 585.250 Thread 0x00000242281b0800 nmethod 12524 0x000002421381b910 code [0x000002421381bae0, 0x000002421381bcd8]
Event: 585.252 Thread 0x000002422adc5000 12525       4       org.gradle.internal.operations.DefaultBuildOperationListenerManager$ProgressShieldingBuildOperationListener::progress (25 bytes)
Event: 585.255 Thread 0x00000242281b0800 12526       3       java.io.ObjectOutputStream::writeClassDesc (60 bytes)
Event: 585.255 Thread 0x00000242281b0800 nmethod 12526 0x000002421381be10 code [0x000002421381c060, 0x000002421381c6e8]
Event: 585.259 Thread 0x000002422adc5000 nmethod 12525 0x0000024219cddb90 code [0x0000024219cddda0, 0x0000024219cde430]
Event: 585.260 Thread 0x00000242281b0800 12527       3       java.util.ArrayList::remove (76 bytes)
Event: 585.260 Thread 0x00000242281b0800 nmethod 12527 0x000002421381ca10 code [0x000002421381cc00, 0x000002421381d0d8]
Event: 585.288 Thread 0x00000242281b0800 12528       3       java.util.stream.ReferencePipeline::forEachWithCancel (23 bytes)
Event: 585.288 Thread 0x00000242281b0800 nmethod 12528 0x000002421381d310 code [0x000002421381d4e0, 0x000002421381d878]
Event: 588.750 Thread 0x00000242281b0800 12529       1       org.gradle.cache.internal.DefaultFileLockManager$DefaultFileLock::access$400 (5 bytes)
Event: 588.750 Thread 0x00000242281b0800 nmethod 12529 0x0000024219cdea10 code [0x0000024219cdebc0, 0x0000024219cdec58]
Event: 588.750 Thread 0x00000242281b0800 12530       1       org.gradle.cache.internal.DefaultFileLockManager$DefaultFileLock::access$800 (5 bytes)
Event: 588.751 Thread 0x00000242281b0800 nmethod 12530 0x0000024219cded10 code [0x0000024219cdeec0, 0x0000024219cdef58]
Event: 588.751 Thread 0x00000242281b0800 12531       1       org.gradle.cache.internal.DefaultFileLockManager::access$1000 (5 bytes)
Event: 588.751 Thread 0x00000242281b0800 nmethod 12531 0x0000024219cdf010 code [0x0000024219cdf1c0, 0x0000024219cdf258]
Event: 588.751 Thread 0x00000242281b0800 12532       1       org.gradle.cache.internal.DefaultFileLockManager$DefaultFileLock::access$900 (5 bytes)
Event: 588.751 Thread 0x00000242281b0800 nmethod 12532 0x0000024219cdf310 code [0x0000024219cdf4c0, 0x0000024219cdf558]

GC Heap History (20 events):
Event: 527.539 GC heap before
{Heap before GC invocations=27 (full 0):
 garbage-first heap   total 258048K, used 196818K [0x0000000080000000, 0x0000000100000000)
  region size 1024K, 151 young (154624K), 1 survivors (1024K)
 Metaspace       used 64454K, capacity 65970K, committed 66312K, reserved 1107968K
  class space    used 7976K, capacity 8592K, committed 8704K, reserved 1048576K
}
Event: 527.540 GC heap after
{Heap after GC invocations=28 (full 0):
 garbage-first heap   total 258048K, used 42546K [0x0000000080000000, 0x0000000100000000)
  region size 1024K, 1 young (1024K), 1 survivors (1024K)
 Metaspace       used 64454K, capacity 65970K, committed 66312K, reserved 1107968K
  class space    used 7976K, capacity 8592K, committed 8704K, reserved 1048576K
}
Event: 530.914 GC heap before
{Heap before GC invocations=28 (full 0):
 garbage-first heap   total 258048K, used 199218K [0x0000000080000000, 0x0000000100000000)
  region size 1024K, 151 young (154624K), 1 survivors (1024K)
 Metaspace       used 64459K, capacity 65970K, committed 66312K, reserved 1107968K
  class space    used 7976K, capacity 8592K, committed 8704K, reserved 1048576K
}
Event: 530.916 GC heap after
{Heap after GC invocations=29 (full 0):
 garbage-first heap   total 258048K, used 46022K [0x0000000080000000, 0x0000000100000000)
  region size 1024K, 2 young (2048K), 2 survivors (2048K)
 Metaspace       used 64459K, capacity 65970K, committed 66312K, reserved 1107968K
  class space    used 7976K, capacity 8592K, committed 8704K, reserved 1048576K
}
Event: 531.274 GC heap before
{Heap before GC invocations=29 (full 0):
 garbage-first heap   total 258048K, used 198598K [0x0000000080000000, 0x0000000100000000)
  region size 1024K, 151 young (154624K), 2 survivors (2048K)
 Metaspace       used 64459K, capacity 65970K, committed 66312K, reserved 1107968K
  class space    used 7976K, capacity 8592K, committed 8704K, reserved 1048576K
}
Event: 531.277 GC heap after
{Heap after GC invocations=30 (full 0):
 garbage-first heap   total 258048K, used 48096K [0x0000000080000000, 0x0000000100000000)
  region size 1024K, 4 young (4096K), 4 survivors (4096K)
 Metaspace       used 64459K, capacity 65970K, committed 66312K, reserved 1107968K
  class space    used 7976K, capacity 8592K, committed 8704K, reserved 1048576K
}
Event: 531.780 GC heap before
{Heap before GC invocations=30 (full 0):
 garbage-first heap   total 258048K, used 198624K [0x0000000080000000, 0x0000000100000000)
  region size 1024K, 151 young (154624K), 4 survivors (4096K)
 Metaspace       used 64463K, capacity 65970K, committed 66312K, reserved 1107968K
  class space    used 7976K, capacity 8592K, committed 8704K, reserved 1048576K
}
Event: 531.781 GC heap after
{Heap after GC invocations=31 (full 0):
 garbage-first heap   total 258048K, used 42224K [0x0000000080000000, 0x0000000100000000)
  region size 1024K, 1 young (1024K), 1 survivors (1024K)
 Metaspace       used 64463K, capacity 65970K, committed 66312K, reserved 1107968K
  class space    used 7976K, capacity 8592K, committed 8704K, reserved 1048576K
}
Event: 540.155 GC heap before
{Heap before GC invocations=31 (full 0):
 garbage-first heap   total 258048K, used 196848K [0x0000000080000000, 0x0000000100000000)
  region size 1024K, 151 young (154624K), 1 survivors (1024K)
 Metaspace       used 64469K, capacity 65970K, committed 66312K, reserved 1107968K
  class space    used 7976K, capacity 8592K, committed 8704K, reserved 1048576K
}
Event: 540.156 GC heap after
{Heap after GC invocations=32 (full 0):
 garbage-first heap   total 258048K, used 44436K [0x0000000080000000, 0x0000000100000000)
  region size 1024K, 1 young (1024K), 1 survivors (1024K)
 Metaspace       used 64469K, capacity 65970K, committed 66312K, reserved 1107968K
  class space    used 7976K, capacity 8592K, committed 8704K, reserved 1048576K
}
Event: 542.042 GC heap before
{Heap before GC invocations=32 (full 0):
 garbage-first heap   total 258048K, used 198036K [0x0000000080000000, 0x0000000100000000)
  region size 1024K, 151 young (154624K), 1 survivors (1024K)
 Metaspace       used 64472K, capacity 65970K, committed 66312K, reserved 1107968K
  class space    used 7976K, capacity 8592K, committed 8704K, reserved 1048576K
}
Event: 542.043 GC heap after
{Heap after GC invocations=33 (full 0):
 garbage-first heap   total 258048K, used 42110K [0x0000000080000000, 0x0000000100000000)
  region size 1024K, 1 young (1024K), 1 survivors (1024K)
 Metaspace       used 64472K, capacity 65970K, committed 66312K, reserved 1107968K
  class space    used 7976K, capacity 8592K, committed 8704K, reserved 1048576K
}
Event: 571.353 GC heap before
{Heap before GC invocations=33 (full 0):
 garbage-first heap   total 258048K, used 202878K [0x0000000080000000, 0x0000000100000000)
  region size 1024K, 151 young (154624K), 1 survivors (1024K)
 Metaspace       used 69185K, capacity 70861K, committed 70920K, reserved 1112064K
  class space    used 8550K, capacity 9202K, committed 9216K, reserved 1048576K
}
Event: 571.360 GC heap after
{Heap after GC invocations=34 (full 0):
 garbage-first heap   total 258048K, used 59246K [0x0000000080000000, 0x0000000100000000)
  region size 1024K, 10 young (10240K), 10 survivors (10240K)
 Metaspace       used 69185K, capacity 70861K, committed 70920K, reserved 1112064K
  class space    used 8550K, capacity 9202K, committed 9216K, reserved 1048576K
}
Event: 575.310 GC heap before
{Heap before GC invocations=34 (full 0):
 garbage-first heap   total 258048K, used 203630K [0x0000000080000000, 0x0000000100000000)
  region size 1024K, 151 young (154624K), 10 survivors (10240K)
 Metaspace       used 82822K, capacity 84771K, committed 85000K, reserved 1124352K
  class space    used 10227K, capacity 10978K, committed 11008K, reserved 1048576K
}
Event: 575.327 GC heap after
{Heap after GC invocations=35 (full 0):
 garbage-first heap   total 258048K, used 67131K [0x0000000080000000, 0x0000000100000000)
  region size 1024K, 17 young (17408K), 17 survivors (17408K)
 Metaspace       used 82822K, capacity 84771K, committed 85000K, reserved 1124352K
  class space    used 10227K, capacity 10978K, committed 11008K, reserved 1048576K
}
Event: 578.087 GC heap before
{Heap before GC invocations=35 (full 0):
 garbage-first heap   total 258048K, used 204347K [0x0000000080000000, 0x0000000100000000)
  region size 1024K, 151 young (154624K), 17 survivors (17408K)
 Metaspace       used 92080K, capacity 94119K, committed 94216K, reserved 1130496K
  class space    used 11649K, capacity 12450K, committed 12544K, reserved 1048576K
}
Event: 578.124 GC heap after
{Heap after GC invocations=36 (full 0):
 garbage-first heap   total 258048K, used 76035K [0x0000000080000000, 0x0000000100000000)
  region size 1024K, 17 young (17408K), 17 survivors (17408K)
 Metaspace       used 92080K, capacity 94119K, committed 94216K, reserved 1130496K
  class space    used 11649K, capacity 12450K, committed 12544K, reserved 1048576K
}
Event: 585.192 GC heap before
{Heap before GC invocations=36 (full 0):
 garbage-first heap   total 258048K, used 171267K [0x0000000080000000, 0x0000000100000000)
  region size 1024K, 104 young (106496K), 17 survivors (17408K)
 Metaspace       used 98607K, capacity 100842K, committed 100920K, reserved 1136640K
  class space    used 12561K, capacity 13438K, committed 13440K, reserved 1048576K
}
Event: 585.214 GC heap after
{Heap after GC invocations=37 (full 0):
 garbage-first heap   total 258048K, used 81197K [0x0000000080000000, 0x0000000100000000)
  region size 1024K, 15 young (15360K), 15 survivors (15360K)
 Metaspace       used 98607K, capacity 100842K, committed 100920K, reserved 1136640K
  class space    used 12561K, capacity 13438K, committed 13440K, reserved 1048576K
}

Deoptimization events (20 events):
Event: 585.289 Thread 0x000002422a269800 Uncommon trap: trap_request=0xffffffde fr.pc=0x00000242199bbc6c relative=0x00000000000000ac
Event: 585.289 Thread 0x000002422a269800 Uncommon trap: reason=class_check action=maybe_recompile pc=0x00000242199bbc6c method=java.util.stream.ReduceOps$3.getOpFlags()I @ 12 c2
Event: 585.289 Thread 0x000002422a269800 DEOPT PACKING pc=0x00000242199bbc6c sp=0x000000a3735f8370
Event: 585.289 Thread 0x000002422a269800 DEOPT UNPACKING pc=0x00000242117c85af sp=0x000000a3735f82f0 mode 2
Event: 585.289 Thread 0x000002422a269800 Uncommon trap: trap_request=0xffffffde fr.pc=0x00000242199b9c48 relative=0x00000000000002e8
Event: 585.289 Thread 0x000002422a269800 Uncommon trap: reason=class_check action=maybe_recompile pc=0x00000242199b9c48 method=java.util.stream.ReferencePipeline.collect(Ljava/util/stream/Collector;)Ljava/lang/Object; @ 99 c2
Event: 585.289 Thread 0x000002422a269800 DEOPT PACKING pc=0x00000242199b9c48 sp=0x000000a3735f8390
Event: 585.289 Thread 0x000002422a269800 DEOPT UNPACKING pc=0x00000242117c85af sp=0x000000a3735f8358 mode 2
Event: 590.320 Thread 0x000002422a269800 Uncommon trap: trap_request=0xffffff4d fr.pc=0x00000242196f7aec relative=0x000000000000012c
Event: 590.320 Thread 0x000002422a269800 Uncommon trap: reason=unstable_if action=reinterpret pc=0x00000242196f7aec method=org.gradle.internal.logging.sink.LogEventDispatcher.onOutput(Lorg/gradle/internal/logging/events/OutputEvent;)V @ 35 c2
Event: 590.320 Thread 0x000002422a269800 DEOPT PACKING pc=0x00000242196f7aec sp=0x000000a3735f42c0
Event: 590.320 Thread 0x000002422a269800 DEOPT UNPACKING pc=0x00000242117c85af sp=0x000000a3735f41e0 mode 2
Event: 590.320 Thread 0x000002422a269800 Uncommon trap: trap_request=0xffffff4d fr.pc=0x00000242197227d8 relative=0x00000000000001d8
Event: 590.320 Thread 0x000002422a269800 Uncommon trap: reason=unstable_if action=reinterpret pc=0x00000242197227d8 method=org.gradle.internal.logging.sink.ProgressLogEventGenerator.onOutput(Lorg/gradle/internal/logging/events/OutputEvent;)V @ 40 c2
Event: 590.320 Thread 0x000002422a269800 DEOPT PACKING pc=0x00000242197227d8 sp=0x000000a3735f42b0
Event: 590.320 Thread 0x000002422a269800 DEOPT UNPACKING pc=0x00000242117c85af sp=0x000000a3735f41e0 mode 2
Event: 590.320 Thread 0x000002422a269800 Uncommon trap: trap_request=0xfffffff4 fr.pc=0x0000024219cde060 relative=0x00000000000002c0
Event: 590.320 Thread 0x000002422a269800 Uncommon trap: reason=null_check action=make_not_entrant pc=0x0000024219cde060 method=org.gradle.tooling.internal.provider.runner.ClientBuildEventGenerator.progress(Lorg/gradle/internal/operations/OperationIdentifier;Lorg/gradle/internal/operations/Operat
Event: 590.320 Thread 0x000002422a269800 DEOPT PACKING pc=0x0000024219cde060 sp=0x000000a3735f4260
Event: 590.320 Thread 0x000002422a269800 DEOPT UNPACKING pc=0x00000242117c85af sp=0x000000a3735f41c8 mode 2

Classes redefined (0 events):
No events

Internal exceptions (20 events):
Event: 584.795 Thread 0x000002422a269800 Implicit null exception at 0x0000024219cb4c30 to 0x0000024219cb4d08
Event: 584.845 Thread 0x000002422a269800 Implicit null exception at 0x0000024219cb6ab9 to 0x0000024219cb6bf1
Event: 584.876 Thread 0x000002422a269800 Exception <a 'java/lang/NoSuchMethodError'{0x000000008af569f0}: 'java.lang.Object java.lang.invoke.Invokers$Holder.linkToTargetMethod(java.lang.Object, java.lang.Object, java.lang.Object, int, java.lang.Object, java.lang.Object)'> (0x000000008af569f0) thrown at [./src/hotspot/share/interpreter/linkResolver.cpp, line 773]
Event: 584.902 Thread 0x000002422a269800 Implicit null exception at 0x0000024219c0db7d to 0x0000024219c0e180
Event: 584.986 Thread 0x000002422a107000 Exception <a 'java/lang/NoSuchMethodError'{0x000000008aa08a60}: <clinit>> (0x000000008aa08a60) thrown at [./src/hotspot/share/prims/jni.cpp, line 1366]
Event: 584.993 Thread 0x000002422a107000 Exception <a 'java/lang/NoSuchMethodError'{0x000000008aa15308}: <clinit>> (0x000000008aa15308) thrown at [./src/hotspot/share/prims/jni.cpp, line 1366]
Event: 585.074 Thread 0x000002422a107000 Exception <a 'java/lang/NoSuchMethodError'{0x000000008a96a638}: <clinit>> (0x000000008a96a638) thrown at [./src/hotspot/share/prims/jni.cpp, line 1366]
Event: 585.076 Thread 0x000002422a107000 Exception <a 'java/lang/NoSuchMethodError'{0x000000008a9de9f8}: <clinit>> (0x000000008a9de9f8) thrown at [./src/hotspot/share/prims/jni.cpp, line 1366]
Event: 585.076 Thread 0x000002422a107000 Exception <a 'java/lang/NoSuchMethodError'{0x000000008a9e0178}: <clinit>> (0x000000008a9e0178) thrown at [./src/hotspot/share/prims/jni.cpp, line 1366]
Event: 585.086 Thread 0x000002422acc3000 Exception <a 'java/lang/NoSuchMethodError'{0x000000008a867360}: <clinit>> (0x000000008a867360) thrown at [./src/hotspot/share/prims/jni.cpp, line 1366]
Event: 585.092 Thread 0x000002422acc3000 Exception <a 'java/lang/NoSuchMethodError'{0x000000008a87c5e0}: <clinit>> (0x000000008a87c5e0) thrown at [./src/hotspot/share/prims/jni.cpp, line 1366]
Event: 585.096 Thread 0x000002422acc3000 Exception <a 'java/lang/NoSuchMethodError'{0x000000008a89e9b8}: <clinit>> (0x000000008a89e9b8) thrown at [./src/hotspot/share/prims/jni.cpp, line 1366]
Event: 585.110 Thread 0x000002422acc3000 Exception <a 'java/lang/NoSuchMethodError'{0x000000008a8a92d8}: 'void java.lang.invoke.DirectMethodHandle$Holder.invokeSpecial(java.lang.Object, java.lang.Object, java.lang.Object, int)'> (0x000000008a8a92d8) thrown at [./src/hotspot/share/interpreter/linkResolver.cpp, line 773]
Event: 585.152 Thread 0x000002422acbe800 Exception <a 'java/lang/IncompatibleClassChangeError'{0x000000008a7c9490}: Found class java.lang.Object, but interface was expected> (0x000000008a7c9490) thrown at [./src/hotspot/share/interpreter/linkResolver.cpp, line 839]
Event: 585.185 Thread 0x000002422a107000 Exception <a 'java/lang/NoSuchMethodError'{0x000000008a50a3a0}: <clinit>> (0x000000008a50a3a0) thrown at [./src/hotspot/share/prims/jni.cpp, line 1366]
Event: 585.218 Thread 0x0000024228152000 Implicit null exception at 0x0000024219bd34ad to 0x0000024219bd3bbc
Event: 585.219 Thread 0x000002422a269800 Exception <a 'java/lang/NoSuchMethodError'{0x000000008fb01a30}: 'java.lang.Object java.lang.invoke.DirectMethodHandle$Holder.invokeInterface(java.lang.Object, java.lang.Object, int)'> (0x000000008fb01a30) thrown at [./src/hotspot/share/interpreter/linkResolver.cpp, line 773]
Event: 585.225 Thread 0x000002422a269800 Exception <a 'java/lang/NoSuchMethodError'{0x000000008fb17630}: 'void java.lang.invoke.DirectMethodHandle$Holder.invokeStatic(java.lang.Object, java.lang.Object, java.lang.Object, int)'> (0x000000008fb17630) thrown at [./src/hotspot/share/interpreter/linkResolver.cpp, line 773]
Event: 590.320 Thread 0x000002422a269800 Implicit null exception at 0x0000024219cddfba to 0x0000024219cde04e
Event: 590.320 Thread 0x000002422a269800 Exception <a 'net/rubygrapefruit/platform/NativeException'{0x000000008f94f9c0}: Execution timed out> (0x000000008f94f9c0) thrown at [./src/hotspot/share/prims/jni.cpp, line 637]

Events (20 events):
Event: 585.393 Executing VM operation: CGC_Operation done
Event: 588.750 Thread 0x000002422adc5000 Thread exited: 0x000002422adc5000
Event: 590.317 loading class net/rubygrapefruit/platform/internal/jni/NativeLogger$LogLevel
Event: 590.317 loading class net/rubygrapefruit/platform/internal/jni/NativeLogger$LogLevel done
Event: 590.318 loading class java/util/logging/LogRecord
Event: 590.319 loading class java/util/logging/LogRecord done
Event: 590.319 Executing VM operation: RevokeBias
Event: 590.319 Executing VM operation: RevokeBias done
Event: 590.320 loading class net/rubygrapefruit/platform/internal/jni/InotifyInstanceLimitTooLowException
Event: 590.320 loading class net/rubygrapefruit/platform/internal/jni/InotifyInstanceLimitTooLowException done
Event: 590.321 loading class net/rubygrapefruit/platform/internal/jni/InsufficientResourcesForWatchingException
Event: 590.321 loading class net/rubygrapefruit/platform/internal/jni/InsufficientResourcesForWatchingException done
Event: 590.321 loading class net/rubygrapefruit/platform/internal/jni/InotifyWatchesLimitTooLowException
Event: 590.321 loading class net/rubygrapefruit/platform/internal/jni/InotifyWatchesLimitTooLowException done
Event: 590.321 loading class org/gradle/internal/watch/WatchingNotSupportedException
Event: 590.321 loading class org/gradle/internal/watch/WatchingNotSupportedException done
Event: 590.325 loading class org/gradle/internal/serialize/Message
Event: 590.325 loading class org/gradle/internal/serialize/Message done
Event: 590.325 loading class org/gradle/internal/serialize/ExceptionReplacingObjectOutputStream$1
Event: 590.325 loading class org/gradle/internal/serialize/ExceptionReplacingObjectOutputStream$1 done


Dynamic libraries:
0x00007ff7ab220000 - 0x00007ff7ab22a000 	C:\Program Files\Android\Android Studio\jre\bin\java.exe
0x00007ffe8a240000 - 0x00007ffe8a449000 	C:\WINDOWS\SYSTEM32\ntdll.dll
0x00007ffe89230000 - 0x00007ffe892ed000 	C:\WINDOWS\System32\KERNEL32.DLL
0x00007ffe87c70000 - 0x00007ffe87feb000 	C:\WINDOWS\System32\KERNELBASE.dll
0x00007ffe87b50000 - 0x00007ffe87c61000 	C:\WINDOWS\System32\ucrtbase.dll
0x00007ffe7cde0000 - 0x00007ffe7cdf9000 	C:\Program Files\Android\Android Studio\jre\bin\jli.dll
0x00007ffe7d420000 - 0x00007ffe7d437000 	C:\Program Files\Android\Android Studio\jre\bin\VCRUNTIME140.dll
0x00007ffe89ad0000 - 0x00007ffe89c7d000 	C:\WINDOWS\System32\USER32.dll
0x00007ffe88090000 - 0x00007ffe880b6000 	C:\WINDOWS\System32\win32u.dll
0x00007ffe75bb0000 - 0x00007ffe75e55000 	C:\WINDOWS\WinSxS\amd64_microsoft.windows.common-controls_6595b64144ccf1df_6.0.22000.120_none_9d947278b86cc467\COMCTL32.dll
0x00007ffe89070000 - 0x00007ffe89099000 	C:\WINDOWS\System32\GDI32.dll
0x00007ffe88b00000 - 0x00007ffe88ba3000 	C:\WINDOWS\System32\msvcrt.dll
0x00007ffe87a30000 - 0x00007ffe87b48000 	C:\WINDOWS\System32\gdi32full.dll
0x00007ffe87ff0000 - 0x00007ffe8808d000 	C:\WINDOWS\System32\msvcp_win.dll
0x00007ffe88bc0000 - 0x00007ffe88bf1000 	C:\WINDOWS\System32\IMM32.DLL
0x00007ffe3cfb0000 - 0x00007ffe3d04d000 	C:\Program Files\Android\Android Studio\jre\bin\msvcp140.dll
0x00007ffe2cd50000 - 0x00007ffe2d852000 	C:\Program Files\Android\Android Studio\jre\bin\server\jvm.dll
0x00007ffe89120000 - 0x00007ffe891ce000 	C:\WINDOWS\System32\ADVAPI32.dll
0x00007ffe885f0000 - 0x00007ffe8868e000 	C:\WINDOWS\System32\sechost.dll
0x00007ffe89f50000 - 0x00007ffe8a070000 	C:\WINDOWS\System32\RPCRT4.dll
0x00007ffe88bb0000 - 0x00007ffe88bb8000 	C:\WINDOWS\System32\PSAPI.DLL
0x00007ffe82190000 - 0x00007ffe8219a000 	C:\WINDOWS\SYSTEM32\VERSION.dll
0x00007ffe7fb90000 - 0x00007ffe7fbc3000 	C:\WINDOWS\SYSTEM32\WINMM.dll
0x00007ffe6ee30000 - 0x00007ffe6ee39000 	C:\WINDOWS\SYSTEM32\WSOCK32.dll
0x00007ffe88580000 - 0x00007ffe885ef000 	C:\WINDOWS\System32\WS2_32.dll
0x00007ffe86880000 - 0x00007ffe86898000 	C:\WINDOWS\SYSTEM32\kernel.appcore.dll
0x00007ffe821d0000 - 0x00007ffe821e1000 	C:\Program Files\Android\Android Studio\jre\bin\verify.dll
0x00007ffe852e0000 - 0x00007ffe85501000 	C:\WINDOWS\SYSTEM32\DBGHELP.DLL
0x00007ffe7eb50000 - 0x00007ffe7eb81000 	C:\WINDOWS\SYSTEM32\dbgcore.DLL
0x00007ffe878f0000 - 0x00007ffe8796f000 	C:\WINDOWS\System32\bcryptPrimitives.dll
0x00007ffe7eb20000 - 0x00007ffe7eb49000 	C:\Program Files\Android\Android Studio\jre\bin\java.dll
0x00007ffe82110000 - 0x00007ffe8211b000 	C:\Program Files\Android\Android Studio\jre\bin\jimage.dll
0x00007ffe7f4f0000 - 0x00007ffe7f508000 	C:\Program Files\Android\Android Studio\jre\bin\zip.dll
0x00007ffe89300000 - 0x00007ffe89ab8000 	C:\WINDOWS\System32\SHELL32.dll
0x00007ffe85810000 - 0x00007ffe86075000 	C:\WINDOWS\SYSTEM32\windows.storage.dll
0x00007ffe88cf0000 - 0x00007ffe89067000 	C:\WINDOWS\System32\combase.dll
0x00007ffe856a0000 - 0x00007ffe85806000 	C:\WINDOWS\SYSTEM32\wintypes.dll
0x00007ffe88280000 - 0x00007ffe8836a000 	C:\WINDOWS\System32\SHCORE.dll
0x00007ffe891d0000 - 0x00007ffe8922d000 	C:\WINDOWS\System32\shlwapi.dll
0x00007ffe87640000 - 0x00007ffe87661000 	C:\WINDOWS\SYSTEM32\profapi.dll
0x00007ffe7f220000 - 0x00007ffe7f23a000 	C:\Program Files\Android\Android Studio\jre\bin\net.dll
0x00007ffe808e0000 - 0x00007ffe809ec000 	C:\WINDOWS\SYSTEM32\WINHTTP.dll
0x00007ffe86d20000 - 0x00007ffe86d87000 	C:\WINDOWS\system32\mswsock.dll
0x00007ffe7ea80000 - 0x00007ffe7ea94000 	C:\Program Files\Android\Android Studio\jre\bin\nio.dll
0x00007ffe7ce50000 - 0x00007ffe7ce77000 	C:\Users\Fernando Ku Ku\Desktop\Tapit-Android\.gradle\6.5\native\e1d6ef7f7dcc3fd88c89a11ec53ec762bb8ba0a96d01ffa2cd45eb1d1d8dd5c5\windows-amd64\native-platform.dll
0x00007ffe3b550000 - 0x00007ffe3b694000 	C:\Users\Fernando Ku Ku\Desktop\Tapit-Android\.gradle\6.5\native\5664cfc778a61ccfe75a443a1ab52a65af34e5dc3c78e0209fed803814484fcb\windows-amd64\native-platform-file-events.dll
0x00007ffe82100000 - 0x00007ffe8210a000 	C:\Program Files\Android\Android Studio\jre\bin\management.dll
0x00007ffe7ebf0000 - 0x00007ffe7ebfd000 	C:\Program Files\Android\Android Studio\jre\bin\management_ext.dll
0x00007ffe86f60000 - 0x00007ffe86f78000 	C:\WINDOWS\SYSTEM32\CRYPTSP.dll
0x00007ffe867e0000 - 0x00007ffe86815000 	C:\WINDOWS\system32\rsaenh.dll
0x00007ffe86e10000 - 0x00007ffe86e39000 	C:\WINDOWS\SYSTEM32\USERENV.dll
0x00007ffe870f0000 - 0x00007ffe87117000 	C:\WINDOWS\SYSTEM32\bcrypt.dll
0x00007ffe86f80000 - 0x00007ffe86f8c000 	C:\WINDOWS\SYSTEM32\CRYPTBASE.dll
0x00007ffe863f0000 - 0x00007ffe8641d000 	C:\WINDOWS\SYSTEM32\IPHLPAPI.DLL
0x00007ffe88ce0000 - 0x00007ffe88ce9000 	C:\WINDOWS\System32\NSI.dll
0x00007ffe80060000 - 0x00007ffe80079000 	C:\WINDOWS\SYSTEM32\dhcpcsvc6.DLL
0x00007ffe80300000 - 0x00007ffe8031e000 	C:\WINDOWS\SYSTEM32\dhcpcsvc.DLL
0x00007ffe86420000 - 0x00007ffe86508000 	C:\WINDOWS\SYSTEM32\DNSAPI.dll
0x00007ffe7da10000 - 0x00007ffe7da37000 	C:\Program Files\Android\Android Studio\jre\bin\sunec.dll
0x00007ffe7f720000 - 0x00007ffe7f72a000 	C:\Windows\System32\rasadhlp.dll
0x00007ffe7f540000 - 0x00007ffe7f5c1000 	C:\WINDOWS\System32\fwpuclnt.dll

dbghelp: loaded successfully - version: 4.0.5 - missing functions: none
symbol engine: initialized successfully - sym options: 0x614 - pdb path: .;C:\Program Files\Android\Android Studio\jre\bin;C:\WINDOWS\SYSTEM32;C:\WINDOWS\WinSxS\amd64_microsoft.windows.common-controls_6595b64144ccf1df_6.0.22000.120_none_9d947278b86cc467;C:\Program Files\Android\Android Studio\jre\bin\server;C:\Users\Fernando Ku Ku\Desktop\Tapit-Android\.gradle\6.5\native\e1d6ef7f7dcc3fd88c89a11ec53ec762bb8ba0a96d01ffa2cd45eb1d1d8dd5c5\windows-amd64;C:\Users\Fernando Ku Ku\Desktop\Tapit-Android\.gradle\6.5\native\5664cfc778a61ccfe75a443a1ab52a65af34e5dc3c78e0209fed803814484fcb\windows-amd64

VM Arguments:
jvm_args: --add-opens=java.base/java.util=ALL-UNNAMED --add-opens=java.base/java.lang=ALL-UNNAMED --add-opens=java.base/java.lang.invoke=ALL-UNNAMED --add-opens=java.base/java.util=ALL-UNNAMED --add-opens=java.prefs/java.util.prefs=ALL-UNNAMED --add-opens=java.prefs/java.util.prefs=ALL-UNNAMED --add-opens=java.base/java.nio.charset=ALL-UNNAMED --add-opens=java.base/java.net=ALL-UNNAMED --add-opens=java.base/java.util.concurrent.atomic=ALL-UNNAMED -Xmx2048m -Dfile.encoding=UTF-8 -Duser.country=MX -Duser.language=es -Duser.variant 
java_command: org.gradle.launcher.daemon.bootstrap.GradleDaemon 7.3.3
java_class_path (initial): C:\Users\Fernando Ku Ku\Desktop\Tapit-Android\.gradle\6.5\wrapper\dists\gradle-7.3.3-bin\6a41zxkdtcxs8rphpq6y0069z\gradle-7.3.3\lib\gradle-launcher-7.3.3.jar
Launcher Type: SUN_STANDARD

[Global flags]
     intx CICompilerCount                          = 3                                         {product} {ergonomic}
     uint ConcGCThreads                            = 1                                         {product} {ergonomic}
     uint G1ConcRefinementThreads                  = 4                                         {product} {ergonomic}
   size_t G1HeapRegionSize                         = 1048576                                   {product} {ergonomic}
    uintx GCDrainStackTargetSize                   = 64                                        {product} {ergonomic}
   size_t InitialHeapSize                          = 264241152                                 {product} {ergonomic}
   size_t MarkStackSize                            = 4194304                                   {product} {ergonomic}
   size_t MaxHeapSize                              = 2147483648                                {product} {command line}
   size_t MaxNewSize                               = 1287651328                                {product} {ergonomic}
   size_t MinHeapDeltaBytes                        = 1048576                                   {product} {ergonomic}
    uintx NonNMethodCodeHeapSize                   = 5830732                                {pd product} {ergonomic}
    uintx NonProfiledCodeHeapSize                  = 122913754                              {pd product} {ergonomic}
    uintx ProfiledCodeHeapSize                     = 122913754                              {pd product} {ergonomic}
    uintx ReservedCodeCacheSize                    = 251658240                              {pd product} {ergonomic}
     bool SegmentedCodeCache                       = true                                      {product} {ergonomic}
     bool UseCompressedClassPointers               = true                                 {lp64_product} {ergonomic}
     bool UseCompressedOops                        = true                                 {lp64_product} {ergonomic}
     bool UseG1GC                                  = true                                      {product} {ergonomic}
     bool UseLargePagesIndividualAllocation        = false                                  {pd product} {ergonomic}

Logging:
Log output configuration:
 #0: stdout all=warning uptime,level,tags
 #1: stderr all=off uptime,level,tags

Environment Variables:
JAVA_HOME=C:\Program Files\Eclipse Adoptium\jdk-11.0.16.101-hotspot
PATH=C:\Program Files\Microsoft\jdk-11.0.12.7-hotspot\bin;C:\Program Files\Eclipse Adoptium\jdk-11.0.16.101-hotspot\bin;C:\WINDOWS\system32;C:\WINDOWS;C:\WINDOWS\System32\Wbem;C:\WINDOWS\System32\WindowsPowerShell\v1.0\;C:\WINDOWS\System32\OpenSSH\;C:\ProgramData\chocolatey\bin;C:\Program Files\nodejs\;C:\Program Files (x86)\Yarn\bin\;C:\Program Files\Microsoft SQL Server\150\Tools\Binn\;C:\Program Files\dotnet\;C:\Program Files\Git\cmd;C:\Users\Fernando Ku Ku\AppData\Local\Microsoft\WindowsApps;C:\Users\Fernando Ku Ku\AppData\Roaming\npm;C:\Users\Fernando Ku Ku\AppData\Local\Yarn\bin;C:\Users\Fernando Ku Ku\AppData\Local\Programs\Microsoft VS Code\bin;C:\Program Files\Git\bin;C:\Program Files\heroku\bin;C:\Users\Fernando Ku Ku\.dotnet\tools;C:\Program Files\Eclipse Adoptium\jdk-11.0.16.101-hotspot\bin;
USERNAME=Fernando Ku Ku
OS=Windows_NT
PROCESSOR_IDENTIFIER=Intel64 Family 6 Model 140 Stepping 1, GenuineIntel



---------------  S Y S T E M  ---------------

OS: Windows 11 , 64 bit Build 22000 (10.0.22000.708)
OS uptime: 6 days 5:56 hours

CPU:total 4 (initial active 4) (2 cores per cpu, 2 threads per core) family 6 model 140 stepping 1 microcode 0x86, cmov, cx8, fxsr, mmx, sse, sse2, sse3, ssse3, sse4.1, sse4.2, popcnt, avx, avx2, aes, clmul, erms, 3dnowpref, lzcnt, ht, tsc, tscinvbit, bmi1, bmi2, adx, evex, sha, fma

Memory: 4k page, system-wide physical 16082M (2217M free)
TotalPageFile size 28902M (AvailPageFile size 9399M)
current process WorkingSet (physical memory assigned to process): 493M, peak: 494M
current process commit charge ("private bytes"): 568M, peak: 577M

vm_info: OpenJDK 64-Bit Server VM (11.0.13+0-b1751.21-8125866) for windows-amd64 JRE (11.0.13+0-b1751.21-8125866), built on Feb  2 2022 03:00:22 by "builder" with MS VC++ 14.0 (VS2015)

END.
